#
# There is insufficient memory for the Java Runtime Environment to continue.
# Native memory allocation (malloc) failed to allocate 131088 bytes. Error detail: Chunk::new
# Possible reasons:
#   The system is out of physical RAM or swap space
#   This process is running with CompressedOops enabled, and the Java Heap may be blocking the growth of the native heap
# Possible solutions:
#   Reduce memory load on the system
#   Increase physical memory or swap space
#   Check if swap backing store is full
#   Decrease Java heap size (-Xmx/-Xms)
#   Decrease number of Java threads
#   Decrease Java thread stack sizes (-Xss)
#   Set larger code cache with -XX:ReservedCodeCacheSize=
#   JVM is running with Unscaled Compressed Oops mode in which the Java heap is
#     placed in the first 4GB address space. The Java Heap base address is the
#     maximum limit for the native heap growth. Please use -XX:HeapBaseMinAddress
#     to set the Java Heap base and to place the Java Heap above 4GB virtual address.
# This output file may be truncated or incomplete.
#
#  Out of Memory Error (arena.cpp:191), pid=19916, tid=3712
#
# JRE version: OpenJDK Runtime Environment Corretto-17.0.15.6.1 (17.0.15+6) (build 17.0.15+6-LTS)
# Java VM: OpenJDK 64-Bit Server VM Corretto-17.0.15.6.1 (17.0.15+6-LTS, mixed mode, sharing, tiered, compressed oops, compressed class ptrs, g1 gc, windows-amd64)
# No core dump will be written. Minidumps are not enabled by default on client versions of Windows
#

---------------  S U M M A R Y ------------

Command Line: --add-opens=java.base/java.lang=ALL-UNNAMED --add-opens=java.base/java.lang.invoke=ALL-UNNAMED --add-opens=java.base/java.util=ALL-UNNAMED --add-opens=java.prefs/java.util.prefs=ALL-UNNAMED --add-exports=jdk.compiler/com.sun.tools.javac.api=ALL-UNNAMED --add-exports=jdk.compiler/com.sun.tools.javac.util=ALL-UNNAMED --add-opens=java.base/java.util=ALL-UNNAMED --add-opens=java.prefs/java.util.prefs=ALL-UNNAMED --add-opens=java.base/java.nio.charset=ALL-UNNAMED --add-opens=java.base/java.net=ALL-UNNAMED --add-opens=java.base/java.util.concurrent.atomic=ALL-UNNAMED --add-opens=java.xml/javax.xml.namespace=ALL-UNNAMED -XX:MaxMetaspaceSize=384m -XX:+HeapDumpOnOutOfMemoryError -Xms256m -Xmx512m -Dfile.encoding=UTF-8 -Duser.country=US -Duser.language=en -Duser.variant -javaagent:C:\Users\Home\.gradle\wrapper\dists\gradle-8.14.3-bin\cv11ve7ro1n3o1j4so8xd9n66\gradle-8.14.3\lib\agents\gradle-instrumentation-agent-8.14.3.jar org.gradle.launcher.daemon.bootstrap.GradleDaemon 8.14.3

Host: AMD Ryzen 7 5700X 8-Core Processor             , 16 cores, 15G,  Windows 11 , 64 bit Build 26100 (10.0.26100.6725)
Time: Thu Nov  6 17:46:41 2025 E. South America Standard Time elapsed time: 8.859087 seconds (0d 0h 0m 8s)

---------------  T H R E A D  ---------------

Current thread (0x000001b9fb5c44c0):  JavaThread "C2 CompilerThread1" daemon [_thread_in_native, id=3712, stack(0x000000272fb00000,0x000000272fc00000)]


Current CompileTask:
C2:   8859 3641       4       java.net.URLClassLoader$1::run (5 bytes)

Stack: [0x000000272fb00000,0x000000272fc00000]
Native frames: (J=compiled Java code, j=interpreted, Vv=VM code, C=native code)
V  [jvm.dll+0x681149]
V  [jvm.dll+0x838b5a]
V  [jvm.dll+0x83a61e]
V  [jvm.dll+0x83ac83]
V  [jvm.dll+0x24837f]
V  [jvm.dll+0xaca54]
V  [jvm.dll+0xad09c]
V  [jvm.dll+0xacb5b]
V  [jvm.dll+0x6a6668]
V  [jvm.dll+0x693b65]
V  [jvm.dll+0x6991f8]
V  [jvm.dll+0x69168b]
V  [jvm.dll+0x690cc7]
V  [jvm.dll+0x68ebb2]
V  [jvm.dll+0x1a890c]
V  [jvm.dll+0x2aec04]
V  [jvm.dll+0x6996d5]
V  [jvm.dll+0x69168b]
V  [jvm.dll+0x690cc7]
V  [jvm.dll+0x68ebb2]
V  [jvm.dll+0x1a890c]
V  [jvm.dll+0x2aec04]
V  [jvm.dll+0x6996d5]
V  [jvm.dll+0x69168b]
V  [jvm.dll+0x690cc7]
V  [jvm.dll+0x68ebb2]
V  [jvm.dll+0x1a890c]
V  [jvm.dll+0x2aec04]
V  [jvm.dll+0x6996d5]
V  [jvm.dll+0x69168b]
V  [jvm.dll+0x690cc7]
V  [jvm.dll+0x68ebb2]
V  [jvm.dll+0x1a890c]
V  [jvm.dll+0x2aec04]
V  [jvm.dll+0x6996d5]
V  [jvm.dll+0x69168b]
V  [jvm.dll+0x690cc7]
V  [jvm.dll+0x68ebb2]
V  [jvm.dll+0x1a890c]
V  [jvm.dll+0x1a94a6]
V  [jvm.dll+0x2aec04]
V  [jvm.dll+0x6996d5]
V  [jvm.dll+0x69168b]
V  [jvm.dll+0x690cc7]
V  [jvm.dll+0x68ebb2]
V  [jvm.dll+0x1a890c]
V  [jvm.dll+0x1a94a6]
V  [jvm.dll+0x1a94a6]
V  [jvm.dll+0x2aec04]
V  [jvm.dll+0x6996d5]
V  [jvm.dll+0x69168b]
V  [jvm.dll+0x690cc7]
V  [jvm.dll+0x68ebb2]
V  [jvm.dll+0x1a890c]
V  [jvm.dll+0x1a94a6]
V  [jvm.dll+0x1a94a6]
V  [jvm.dll+0x2aec04]
V  [jvm.dll+0x6996d5]
V  [jvm.dll+0x69168b]
V  [jvm.dll+0x690cc7]
V  [jvm.dll+0x68ebb2]
V  [jvm.dll+0x1a890c]
V  [jvm.dll+0x1a94a6]
V  [jvm.dll+0x2aec04]
V  [jvm.dll+0x6996d5]
V  [jvm.dll+0x69168b]
V  [jvm.dll+0x690cc7]
V  [jvm.dll+0x68ebb2]
V  [jvm.dll+0x1a890c]
V  [jvm.dll+0x1a94a6]
V  [jvm.dll+0x2aec04]
V  [jvm.dll+0x6996d5]
V  [jvm.dll+0x69168b]
V  [jvm.dll+0x690cc7]
V  [jvm.dll+0x68ebb2]
V  [jvm.dll+0x1a890c]
V  [jvm.dll+0x2198b8]
V  [jvm.dll+0x1a59fd]
V  [jvm.dll+0x229a5d]
V  [jvm.dll+0x227bec]
V  [jvm.dll+0x7eda37]
V  [jvm.dll+0x7e7f8c]
V  [jvm.dll+0x680017]
C  [ucrtbase.dll+0x37b0]
C  [KERNEL32.DLL+0x2e8d7]
C  [ntdll.dll+0x8c53c]


---------------  P R O C E S S  ---------------

Threads class SMR info:
_java_thread_list=0x000001b9fe374bb0, length=47, elements={
0x000001b9c52f7d40, 0x000001b9e094c8c0, 0x000001b9e094df00, 0x000001b9e095e610,
0x000001b9e0963300, 0x000001b9e0964be0, 0x000001b9e09654b0, 0x000001b9e09660b0,
0x000001b9e097bf40, 0x000001b9e097cff0, 0x000001b9e0b98f70, 0x000001b9e0c45dc0,
0x000001b9fb43b030, 0x000001b9fa7da9d0, 0x000001b9fb5c44c0, 0x000001b9fa4b8270,
0x000001b9fb04b6c0, 0x000001b9fb04c5f0, 0x000001b9fb04d010, 0x000001b9fb04d520,
0x000001b9fb04da30, 0x000001b9fb04bbd0, 0x000001b9fb04cb00, 0x000001b9fb04e960,
0x000001b9fb04df40, 0x000001b9fb04b1b0, 0x000001b9fb04c0e0, 0x000001b9fcd62380,
0x000001b9fcd60010, 0x000001b9fcd5ebd0, 0x000001b9fcd5f0e0, 0x000001b9fcd62890,
0x000001b9fcd60520, 0x000001b9fcd60a30, 0x000001b9fcd60f40, 0x000001b9fcd5f5f0,
0x000001b9fcd61450, 0x000001b9fcd5fb00, 0x000001b9fcd64c00, 0x000001b9fcd62da0,
0x000001b9fcd641e0, 0x000001b9fcd63cd0, 0x000001b9fcd61e70, 0x000001b9fcd632b0,
0x000001b9fcd61960, 0x000001b9fcd65620, 0x000001b9fcd646f0
}

Java Threads: ( => current thread )
  0x000001b9c52f7d40 JavaThread "main" [_thread_blocked, id=11088, stack(0x000000272e500000,0x000000272e600000)]
  0x000001b9e094c8c0 JavaThread "Reference Handler" daemon [_thread_blocked, id=16008, stack(0x000000272ec00000,0x000000272ed00000)]
  0x000001b9e094df00 JavaThread "Finalizer" daemon [_thread_blocked, id=21448, stack(0x000000272ed00000,0x000000272ee00000)]
  0x000001b9e095e610 JavaThread "Signal Dispatcher" daemon [_thread_blocked, id=17972, stack(0x000000272ee00000,0x000000272ef00000)]
  0x000001b9e0963300 JavaThread "Attach Listener" daemon [_thread_blocked, id=18504, stack(0x000000272ef00000,0x000000272f000000)]
  0x000001b9e0964be0 JavaThread "Service Thread" daemon [_thread_blocked, id=12120, stack(0x000000272f000000,0x000000272f100000)]
  0x000001b9e09654b0 JavaThread "Monitor Deflation Thread" daemon [_thread_blocked, id=16652, stack(0x000000272f100000,0x000000272f200000)]
  0x000001b9e09660b0 JavaThread "C2 CompilerThread0" daemon [_thread_in_native, id=18840, stack(0x000000272f200000,0x000000272f300000)]
  0x000001b9e097bf40 JavaThread "C1 CompilerThread0" daemon [_thread_blocked, id=4704, stack(0x000000272f300000,0x000000272f400000)]
  0x000001b9e097cff0 JavaThread "Sweeper thread" daemon [_thread_blocked, id=20684, stack(0x000000272f400000,0x000000272f500000)]
  0x000001b9e0b98f70 JavaThread "Common-Cleaner" daemon [_thread_blocked, id=15460, stack(0x000000272f500000,0x000000272f600000)]
  0x000001b9e0c45dc0 JavaThread "Notification Thread" daemon [_thread_blocked, id=14112, stack(0x000000272f800000,0x000000272f900000)]
  0x000001b9fb43b030 JavaThread "Daemon health stats" [_thread_blocked, id=19576, stack(0x0000002730200000,0x0000002730300000)]
  0x000001b9fa7da9d0 JavaThread "Incoming local TCP Connector on port 61089" [_thread_in_native, id=16092, stack(0x000000272fa00000,0x000000272fb00000)]
=>0x000001b9fb5c44c0 JavaThread "C2 CompilerThread1" daemon [_thread_in_native, id=3712, stack(0x000000272fb00000,0x000000272fc00000)]
  0x000001b9fa4b8270 JavaThread "Daemon periodic checks" [_thread_blocked, id=18360, stack(0x0000002730300000,0x0000002730400000)]
  0x000001b9fb04b6c0 JavaThread "Daemon" [_thread_blocked, id=18868, stack(0x0000002730400000,0x0000002730500000)]
  0x000001b9fb04c5f0 JavaThread "Handler for socket connection from /127.0.0.1:61089 to /127.0.0.1:61090" [_thread_in_native, id=21160, stack(0x0000002730500000,0x0000002730600000)]
  0x000001b9fb04d010 JavaThread "Cancel handler" [_thread_blocked, id=5308, stack(0x0000002730600000,0x0000002730700000)]
  0x000001b9fb04d520 JavaThread "Daemon worker" [_thread_in_native, id=13432, stack(0x0000002730700000,0x0000002730800000)]
  0x000001b9fb04da30 JavaThread "Asynchronous log dispatcher for DefaultDaemonConnection: socket connection from /127.0.0.1:61089 to /127.0.0.1:61090" [_thread_blocked, id=20056, stack(0x0000002730800000,0x0000002730900000)]
  0x000001b9fb04bbd0 JavaThread "Stdin handler" [_thread_blocked, id=20748, stack(0x0000002730900000,0x0000002730a00000)]
  0x000001b9fb04cb00 JavaThread "Daemon client event forwarder" [_thread_blocked, id=19656, stack(0x0000002730a00000,0x0000002730b00000)]
  0x000001b9fb04e960 JavaThread "Cache worker for journal cache (C:\Users\Home\.gradle\caches\journal-1)" [_thread_blocked, id=20964, stack(0x0000002730b00000,0x0000002730c00000)]
  0x000001b9fb04df40 JavaThread "File lock request listener" [_thread_in_native, id=19552, stack(0x0000002730c00000,0x0000002730d00000)]
  0x000001b9fb04b1b0 JavaThread "Cache worker for file hash cache (C:\Users\Home\.gradle\caches\8.14.3\fileHashes)" [_thread_blocked, id=444, stack(0x0000002730d00000,0x0000002730e00000)]
  0x000001b9fb04c0e0 JavaThread "Cache worker for file hash cache (C:\Users\Home\Desktop\Repositórios-GITHUB\usuario\.gradle\8.14.3\fileHashes)" [_thread_blocked, id=16420, stack(0x0000002731000000,0x0000002731100000)]
  0x000001b9fcd62380 JavaThread "Cache worker for Build Output Cleanup Cache (C:\Users\Home\Desktop\Repositórios-GITHUB\usuario\.gradle\buildOutputCleanup)" [_thread_blocked, id=19448, stack(0x0000002731100000,0x0000002731200000)]
  0x000001b9fcd60010 JavaThread "File lock release action executor" [_thread_blocked, id=5552, stack(0x0000002731b00000,0x0000002731c00000)]
  0x000001b9fcd5ebd0 JavaThread "File watcher server" daemon [_thread_in_native, id=12480, stack(0x0000002731c00000,0x0000002731d00000)]
  0x000001b9fcd5f0e0 JavaThread "File watcher consumer" daemon [_thread_blocked, id=16660, stack(0x0000002731d00000,0x0000002731e00000)]
  0x000001b9fcd62890 JavaThread "jar transforms" [_thread_blocked, id=9496, stack(0x0000002731e00000,0x0000002731f00000)]
  0x000001b9fcd60520 JavaThread "jar transforms Thread 2" [_thread_blocked, id=19148, stack(0x0000002731f00000,0x0000002732000000)]
  0x000001b9fcd60a30 JavaThread "jar transforms Thread 3" [_thread_blocked, id=11496, stack(0x0000002732000000,0x0000002732100000)]
  0x000001b9fcd60f40 JavaThread "jar transforms Thread 4" [_thread_blocked, id=17540, stack(0x0000002732100000,0x0000002732200000)]
  0x000001b9fcd5f5f0 JavaThread "jar transforms Thread 5" [_thread_blocked, id=21296, stack(0x0000002732200000,0x0000002732300000)]
  0x000001b9fcd61450 JavaThread "jar transforms Thread 6" [_thread_blocked, id=16068, stack(0x0000002732300000,0x0000002732400000)]
  0x000001b9fcd5fb00 JavaThread "jar transforms Thread 7" [_thread_blocked, id=15828, stack(0x0000002732400000,0x0000002732500000)]
  0x000001b9fcd64c00 JavaThread "jar transforms Thread 8" [_thread_blocked, id=21068, stack(0x0000002732500000,0x0000002732600000)]
  0x000001b9fcd62da0 JavaThread "jar transforms Thread 9" [_thread_blocked, id=21284, stack(0x0000002732600000,0x0000002732700000)]
  0x000001b9fcd641e0 JavaThread "jar transforms Thread 10" [_thread_blocked, id=14072, stack(0x0000002732700000,0x0000002732800000)]
  0x000001b9fcd63cd0 JavaThread "jar transforms Thread 11" [_thread_blocked, id=20296, stack(0x0000002732800000,0x0000002732900000)]
  0x000001b9fcd61e70 JavaThread "jar transforms Thread 12" [_thread_blocked, id=6552, stack(0x0000002732900000,0x0000002732a00000)]
  0x000001b9fcd632b0 JavaThread "jar transforms Thread 13" [_thread_blocked, id=7972, stack(0x0000002732a00000,0x0000002732b00000)]
  0x000001b9fcd61960 JavaThread "jar transforms Thread 14" [_thread_blocked, id=21012, stack(0x0000002732b00000,0x0000002732c00000)]
  0x000001b9fcd65620 JavaThread "jar transforms Thread 15" [_thread_blocked, id=3376, stack(0x0000002732c00000,0x0000002732d00000)]
  0x000001b9fcd646f0 JavaThread "jar transforms Thread 16" [_thread_blocked, id=16504, stack(0x0000002730e00000,0x0000002730f00000)]

Other Threads:
  0x000001b9e09465b0 VMThread "VM Thread" [stack: 0x000000272eb00000,0x000000272ec00000] [id=10796]
  0x000001b9e0c462a0 WatcherThread [stack: 0x000000272f900000,0x000000272fa00000] [id=4612]
  0x000001b9c53283a0 GCTaskThread "GC Thread#0" [stack: 0x000000272e600000,0x000000272e700000] [id=3688]
  0x000001b9fa24f9e0 GCTaskThread "GC Thread#1" [stack: 0x000000272fd00000,0x000000272fe00000] [id=4688]
  0x000001b9fa5b5d30 GCTaskThread "GC Thread#2" [stack: 0x000000272fe00000,0x000000272ff00000] [id=20592]
  0x000001b9e0d885e0 GCTaskThread "GC Thread#3" [stack: 0x000000272ff00000,0x0000002730000000] [id=21312]
  0x000001b9e0d888a0 GCTaskThread "GC Thread#4" [stack: 0x0000002730000000,0x0000002730100000] [id=20164]
  0x000001b9fa7efa40 GCTaskThread "GC Thread#5" [stack: 0x0000002730100000,0x0000002730200000] [id=14516]
  0x000001b9fcc2ed50 GCTaskThread "GC Thread#6" [stack: 0x0000002731200000,0x0000002731300000] [id=1980]
  0x000001b9fcc2f590 GCTaskThread "GC Thread#7" [stack: 0x0000002731300000,0x0000002731400000] [id=10452]
  0x000001b9fcc2f850 GCTaskThread "GC Thread#8" [stack: 0x0000002731400000,0x0000002731500000] [id=19044]
  0x000001b9fcc2f010 GCTaskThread "GC Thread#9" [stack: 0x0000002731500000,0x0000002731600000] [id=16404]
  0x000001b9fcc2f2d0 GCTaskThread "GC Thread#10" [stack: 0x0000002731600000,0x0000002731700000] [id=17720]
  0x000001b9fcc2fb10 GCTaskThread "GC Thread#11" [stack: 0x0000002731700000,0x0000002731800000] [id=20368]
  0x000001b9fcc30090 GCTaskThread "GC Thread#12" [stack: 0x0000002731800000,0x0000002731900000] [id=21180]
  0x000001b9c532d200 ConcurrentGCThread "G1 Main Marker" [stack: 0x000000272e700000,0x000000272e800000] [id=904]
  0x000001b9c532db30 ConcurrentGCThread "G1 Conc#0" [stack: 0x000000272e800000,0x000000272e900000] [id=12616]
  0x000001b9fcc30350 ConcurrentGCThread "G1 Conc#1" [stack: 0x0000002731900000,0x0000002731a00000] [id=13208]
  0x000001b9fcc308d0 ConcurrentGCThread "G1 Conc#2" [stack: 0x0000002731a00000,0x0000002731b00000] [id=2096]
  0x000001b9e0800cc0 ConcurrentGCThread "G1 Refine#0" [stack: 0x000000272e900000,0x000000272ea00000] [id=20952]
  0x000001b9e0802610 ConcurrentGCThread "G1 Service" [stack: 0x000000272ea00000,0x000000272eb00000] [id=12020]

Threads with active compile tasks:
C2 CompilerThread0     9085 3642   !   4       java.net.URLClassLoader$1::run (81 bytes)
C2 CompilerThread1     9085 3641       4       java.net.URLClassLoader$1::run (5 bytes)

VM state: not at safepoint (normal execution)

VM Mutex/Monitor currently owned by a thread: None

Heap address: 0x00000000e0000000, size: 512 MB, Compressed Oops mode: 32-bit

CDS archive(s) mapped at: [0x000001b9e1000000-0x000001b9e1bb0000-0x000001b9e1bb0000), size 12255232, SharedBaseAddress: 0x000001b9e1000000, ArchiveRelocationMode: 1.
Compressed class space mapped at: 0x000001b9e2000000-0x000001b9f6000000, reserved size: 335544320
Narrow klass base: 0x000001b9e1000000, Narrow klass shift: 0, Narrow klass range: 0x100000000

GC Precious Log:
 CPUs: 16 total, 16 available
 Memory: 16306M
 Large Page Support: Disabled
 NUMA Support: Disabled
 Compressed Oops: Enabled (32-bit)
 Heap Region Size: 1M
 Heap Min Capacity: 256M
 Heap Initial Capacity: 256M
 Heap Max Capacity: 512M
 Pre-touch: Disabled
 Parallel Workers: 13
 Concurrent Workers: 3
 Concurrent Refinement Workers: 13
 Periodic GC: Disabled

Heap:
 garbage-first heap   total 262144K, used 113997K [0x00000000e0000000, 0x0000000100000000)
  region size 1024K, 75 young (76800K), 12 survivors (12288K)
 Metaspace       used 28154K, committed 28608K, reserved 393216K
  class space    used 4186K, committed 4416K, reserved 327680K

Heap Regions: E=young(eden), S=young(survivor), O=old, HS=humongous(starts), HC=humongous(continues), CS=collection set, F=free, OA=open archive, CA=closed archive, TAMS=top-at-mark-start (previous, next)
|   0|0x00000000e0000000, 0x00000000e0100000, 0x00000000e0100000|100%|HS|  |TAMS 0x00000000e0100000, 0x00000000e0000000| Complete 
|   1|0x00000000e0100000, 0x00000000e0200000, 0x00000000e0200000|100%|HC|  |TAMS 0x00000000e0200000, 0x00000000e0100000| Complete 
|   2|0x00000000e0200000, 0x00000000e0300000, 0x00000000e0300000|100%|HC|  |TAMS 0x00000000e0300000, 0x00000000e0200000| Complete 
|   3|0x00000000e0300000, 0x00000000e0400000, 0x00000000e0400000|100%| O|  |TAMS 0x00000000e0400000, 0x00000000e0300000| Untracked 
|   4|0x00000000e0400000, 0x00000000e0500000, 0x00000000e0500000|100%| O|  |TAMS 0x00000000e0500000, 0x00000000e0400000| Untracked 
|   5|0x00000000e0500000, 0x00000000e0600000, 0x00000000e0600000|100%| O|  |TAMS 0x00000000e0600000, 0x00000000e0500000| Untracked 
|   6|0x00000000e0600000, 0x00000000e0700000, 0x00000000e0700000|100%|HS|  |TAMS 0x00000000e0700000, 0x00000000e0600000| Complete 
|   7|0x00000000e0700000, 0x00000000e0800000, 0x00000000e0800000|100%|HS|  |TAMS 0x00000000e0700000, 0x00000000e0700000| Complete 
|   8|0x00000000e0800000, 0x00000000e0900000, 0x00000000e0900000|100%| O|  |TAMS 0x00000000e0900000, 0x00000000e0800000| Untracked 
|   9|0x00000000e0900000, 0x00000000e0a00000, 0x00000000e0a00000|100%| O|  |TAMS 0x00000000e0a00000, 0x00000000e0900000| Complete 
|  10|0x00000000e0a00000, 0x00000000e0b00000, 0x00000000e0b00000|100%| O|  |TAMS 0x00000000e0b00000, 0x00000000e0a00000| Untracked 
|  11|0x00000000e0b00000, 0x00000000e0c00000, 0x00000000e0c00000|100%| O|  |TAMS 0x00000000e0c00000, 0x00000000e0b00000| Untracked 
|  12|0x00000000e0c00000, 0x00000000e0ca5a00, 0x00000000e0d00000| 64%| O|  |TAMS 0x00000000e0ca5a00, 0x00000000e0c00000| Untracked 
|  13|0x00000000e0d00000, 0x00000000e0e00000, 0x00000000e0e00000|100%|HS|  |TAMS 0x00000000e0d00000, 0x00000000e0d00000| Complete 
|  14|0x00000000e0e00000, 0x00000000e0f00000, 0x00000000e0f00000|100%|HC|  |TAMS 0x00000000e0e00000, 0x00000000e0e00000| Complete 
|  15|0x00000000e0f00000, 0x00000000e1000000, 0x00000000e1000000|100%|HC|  |TAMS 0x00000000e0f00000, 0x00000000e0f00000| Complete 
|  16|0x00000000e1000000, 0x00000000e1100000, 0x00000000e1100000|100%|HC|  |TAMS 0x00000000e1000000, 0x00000000e1000000| Complete 
|  17|0x00000000e1100000, 0x00000000e1200000, 0x00000000e1200000|100%|HC|  |TAMS 0x00000000e1100000, 0x00000000e1100000| Complete 
|  18|0x00000000e1200000, 0x00000000e1300000, 0x00000000e1300000|100%|HC|  |TAMS 0x00000000e1200000, 0x00000000e1200000| Complete 
|  19|0x00000000e1300000, 0x00000000e1400000, 0x00000000e1400000|100%|HS|  |TAMS 0x00000000e1300000, 0x00000000e1300000| Complete 
|  20|0x00000000e1400000, 0x00000000e1500000, 0x00000000e1500000|100%|HC|  |TAMS 0x00000000e1400000, 0x00000000e1400000| Complete 
|  21|0x00000000e1500000, 0x00000000e1600000, 0x00000000e1600000|100%|HS|  |TAMS 0x00000000e1500000, 0x00000000e1500000| Complete 
|  22|0x00000000e1600000, 0x00000000e1700000, 0x00000000e1700000|100%|HS|  |TAMS 0x00000000e1600000, 0x00000000e1600000| Complete 
|  23|0x00000000e1700000, 0x00000000e1800000, 0x00000000e1800000|100%|HC|  |TAMS 0x00000000e1700000, 0x00000000e1700000| Complete 
|  24|0x00000000e1800000, 0x00000000e1900000, 0x00000000e1900000|100%|HC|  |TAMS 0x00000000e1800000, 0x00000000e1800000| Complete 
|  25|0x00000000e1900000, 0x00000000e1a00000, 0x00000000e1a00000|100%|HS|  |TAMS 0x00000000e1900000, 0x00000000e1900000| Complete 
|  26|0x00000000e1a00000, 0x00000000e1b00000, 0x00000000e1b00000|100%|HC|  |TAMS 0x00000000e1a00000, 0x00000000e1a00000| Complete 
|  27|0x00000000e1b00000, 0x00000000e1c00000, 0x00000000e1c00000|100%|HC|  |TAMS 0x00000000e1b00000, 0x00000000e1b00000| Complete 
|  28|0x00000000e1c00000, 0x00000000e1d00000, 0x00000000e1d00000|100%|HC|  |TAMS 0x00000000e1c00000, 0x00000000e1c00000| Complete 
|  29|0x00000000e1d00000, 0x00000000e1e00000, 0x00000000e1e00000|100%|HC|  |TAMS 0x00000000e1d00000, 0x00000000e1d00000| Complete 
|  30|0x00000000e1e00000, 0x00000000e1f00000, 0x00000000e1f00000|100%|HC|  |TAMS 0x00000000e1e00000, 0x00000000e1e00000| Complete 
|  31|0x00000000e1f00000, 0x00000000e2000000, 0x00000000e2000000|100%|HS|  |TAMS 0x00000000e1f00000, 0x00000000e1f00000| Complete 
|  32|0x00000000e2000000, 0x00000000e2100000, 0x00000000e2100000|100%|HS|  |TAMS 0x00000000e2000000, 0x00000000e2000000| Complete 
|  33|0x00000000e2100000, 0x00000000e2200000, 0x00000000e2200000|100%|HC|  |TAMS 0x00000000e2100000, 0x00000000e2100000| Complete 
|  34|0x00000000e2200000, 0x00000000e2300000, 0x00000000e2300000|100%|HS|  |TAMS 0x00000000e2200000, 0x00000000e2200000| Complete 
|  35|0x00000000e2300000, 0x00000000e2400000, 0x00000000e2400000|100%|HS|  |TAMS 0x00000000e2300000, 0x00000000e2300000| Complete 
|  36|0x00000000e2400000, 0x00000000e2500000, 0x00000000e2500000|100%|HC|  |TAMS 0x00000000e2400000, 0x00000000e2400000| Complete 
|  37|0x00000000e2500000, 0x00000000e2600000, 0x00000000e2600000|100%|HC|  |TAMS 0x00000000e2500000, 0x00000000e2500000| Complete 
|  38|0x00000000e2600000, 0x00000000e2600000, 0x00000000e2700000|  0%| F|  |TAMS 0x00000000e2600000, 0x00000000e2600000| Untracked 
|  39|0x00000000e2700000, 0x00000000e2700000, 0x00000000e2800000|  0%| F|  |TAMS 0x00000000e2700000, 0x00000000e2700000| Untracked 
|  40|0x00000000e2800000, 0x00000000e2800000, 0x00000000e2900000|  0%| F|  |TAMS 0x00000000e2800000, 0x00000000e2800000| Untracked 
|  41|0x00000000e2900000, 0x00000000e2900000, 0x00000000e2a00000|  0%| F|  |TAMS 0x00000000e2900000, 0x00000000e2900000| Untracked 
|  42|0x00000000e2a00000, 0x00000000e2a00000, 0x00000000e2b00000|  0%| F|  |TAMS 0x00000000e2a00000, 0x00000000e2a00000| Untracked 
|  43|0x00000000e2b00000, 0x00000000e2b00000, 0x00000000e2c00000|  0%| F|  |TAMS 0x00000000e2b00000, 0x00000000e2b00000| Untracked 
|  44|0x00000000e2c00000, 0x00000000e2c00000, 0x00000000e2d00000|  0%| F|  |TAMS 0x00000000e2c00000, 0x00000000e2c00000| Untracked 
|  45|0x00000000e2d00000, 0x00000000e2d00000, 0x00000000e2e00000|  0%| F|  |TAMS 0x00000000e2d00000, 0x00000000e2d00000| Untracked 
|  46|0x00000000e2e00000, 0x00000000e2e00000, 0x00000000e2f00000|  0%| F|  |TAMS 0x00000000e2e00000, 0x00000000e2e00000| Untracked 
|  47|0x00000000e2f00000, 0x00000000e2f00000, 0x00000000e3000000|  0%| F|  |TAMS 0x00000000e2f00000, 0x00000000e2f00000| Untracked 
|  48|0x00000000e3000000, 0x00000000e3000000, 0x00000000e3100000|  0%| F|  |TAMS 0x00000000e3000000, 0x00000000e3000000| Untracked 
|  49|0x00000000e3100000, 0x00000000e3100000, 0x00000000e3200000|  0%| F|  |TAMS 0x00000000e3100000, 0x00000000e3100000| Untracked 
|  50|0x00000000e3200000, 0x00000000e3200000, 0x00000000e3300000|  0%| F|  |TAMS 0x00000000e3200000, 0x00000000e3200000| Untracked 
|  51|0x00000000e3300000, 0x00000000e3300000, 0x00000000e3400000|  0%| F|  |TAMS 0x00000000e3300000, 0x00000000e3300000| Untracked 
|  52|0x00000000e3400000, 0x00000000e3400000, 0x00000000e3500000|  0%| F|  |TAMS 0x00000000e3400000, 0x00000000e3400000| Untracked 
|  53|0x00000000e3500000, 0x00000000e3500000, 0x00000000e3600000|  0%| F|  |TAMS 0x00000000e3500000, 0x00000000e3500000| Untracked 
|  54|0x00000000e3600000, 0x00000000e3600000, 0x00000000e3700000|  0%| F|  |TAMS 0x00000000e3600000, 0x00000000e3600000| Untracked 
|  55|0x00000000e3700000, 0x00000000e3700000, 0x00000000e3800000|  0%| F|  |TAMS 0x00000000e3700000, 0x00000000e3700000| Untracked 
|  56|0x00000000e3800000, 0x00000000e3800000, 0x00000000e3900000|  0%| F|  |TAMS 0x00000000e3800000, 0x00000000e3800000| Untracked 
|  57|0x00000000e3900000, 0x00000000e3900000, 0x00000000e3a00000|  0%| F|  |TAMS 0x00000000e3900000, 0x00000000e3900000| Untracked 
|  58|0x00000000e3a00000, 0x00000000e3a00000, 0x00000000e3b00000|  0%| F|  |TAMS 0x00000000e3a00000, 0x00000000e3a00000| Untracked 
|  59|0x00000000e3b00000, 0x00000000e3b00000, 0x00000000e3c00000|  0%| F|  |TAMS 0x00000000e3b00000, 0x00000000e3b00000| Untracked 
|  60|0x00000000e3c00000, 0x00000000e3c00000, 0x00000000e3d00000|  0%| F|  |TAMS 0x00000000e3c00000, 0x00000000e3c00000| Untracked 
|  61|0x00000000e3d00000, 0x00000000e3d00000, 0x00000000e3e00000|  0%| F|  |TAMS 0x00000000e3d00000, 0x00000000e3d00000| Untracked 
|  62|0x00000000e3e00000, 0x00000000e3e00000, 0x00000000e3f00000|  0%| F|  |TAMS 0x00000000e3e00000, 0x00000000e3e00000| Untracked 
|  63|0x00000000e3f00000, 0x00000000e3f00000, 0x00000000e4000000|  0%| F|  |TAMS 0x00000000e3f00000, 0x00000000e3f00000| Untracked 
|  64|0x00000000e4000000, 0x00000000e4000000, 0x00000000e4100000|  0%| F|  |TAMS 0x00000000e4000000, 0x00000000e4000000| Untracked 
|  65|0x00000000e4100000, 0x00000000e4100000, 0x00000000e4200000|  0%| F|  |TAMS 0x00000000e4100000, 0x00000000e4100000| Untracked 
|  66|0x00000000e4200000, 0x00000000e4200000, 0x00000000e4300000|  0%| F|  |TAMS 0x00000000e4200000, 0x00000000e4200000| Untracked 
|  67|0x00000000e4300000, 0x00000000e4300000, 0x00000000e4400000|  0%| F|  |TAMS 0x00000000e4300000, 0x00000000e4300000| Untracked 
|  68|0x00000000e4400000, 0x00000000e4400000, 0x00000000e4500000|  0%| F|  |TAMS 0x00000000e4400000, 0x00000000e4400000| Untracked 
|  69|0x00000000e4500000, 0x00000000e4500000, 0x00000000e4600000|  0%| F|  |TAMS 0x00000000e4500000, 0x00000000e4500000| Untracked 
|  70|0x00000000e4600000, 0x00000000e4600000, 0x00000000e4700000|  0%| F|  |TAMS 0x00000000e4600000, 0x00000000e4600000| Untracked 
|  71|0x00000000e4700000, 0x00000000e4700000, 0x00000000e4800000|  0%| F|  |TAMS 0x00000000e4700000, 0x00000000e4700000| Untracked 
|  72|0x00000000e4800000, 0x00000000e4800000, 0x00000000e4900000|  0%| F|  |TAMS 0x00000000e4800000, 0x00000000e4800000| Untracked 
|  73|0x00000000e4900000, 0x00000000e4900000, 0x00000000e4a00000|  0%| F|  |TAMS 0x00000000e4900000, 0x00000000e4900000| Untracked 
|  74|0x00000000e4a00000, 0x00000000e4a00000, 0x00000000e4b00000|  0%| F|  |TAMS 0x00000000e4a00000, 0x00000000e4a00000| Untracked 
|  75|0x00000000e4b00000, 0x00000000e4b00000, 0x00000000e4c00000|  0%| F|  |TAMS 0x00000000e4b00000, 0x00000000e4b00000| Untracked 
|  76|0x00000000e4c00000, 0x00000000e4c00000, 0x00000000e4d00000|  0%| F|  |TAMS 0x00000000e4c00000, 0x00000000e4c00000| Untracked 
|  77|0x00000000e4d00000, 0x00000000e4d00000, 0x00000000e4e00000|  0%| F|  |TAMS 0x00000000e4d00000, 0x00000000e4d00000| Untracked 
|  78|0x00000000e4e00000, 0x00000000e4e00000, 0x00000000e4f00000|  0%| F|  |TAMS 0x00000000e4e00000, 0x00000000e4e00000| Untracked 
|  79|0x00000000e4f00000, 0x00000000e4f00000, 0x00000000e5000000|  0%| F|  |TAMS 0x00000000e4f00000, 0x00000000e4f00000| Untracked 
|  80|0x00000000e5000000, 0x00000000e5000000, 0x00000000e5100000|  0%| F|  |TAMS 0x00000000e5000000, 0x00000000e5000000| Untracked 
|  81|0x00000000e5100000, 0x00000000e5100000, 0x00000000e5200000|  0%| F|  |TAMS 0x00000000e5100000, 0x00000000e5100000| Untracked 
|  82|0x00000000e5200000, 0x00000000e5200000, 0x00000000e5300000|  0%| F|  |TAMS 0x00000000e5200000, 0x00000000e5200000| Untracked 
|  83|0x00000000e5300000, 0x00000000e5300000, 0x00000000e5400000|  0%| F|  |TAMS 0x00000000e5300000, 0x00000000e5300000| Untracked 
|  84|0x00000000e5400000, 0x00000000e5400000, 0x00000000e5500000|  0%| F|  |TAMS 0x00000000e5400000, 0x00000000e5400000| Untracked 
|  85|0x00000000e5500000, 0x00000000e5500000, 0x00000000e5600000|  0%| F|  |TAMS 0x00000000e5500000, 0x00000000e5500000| Untracked 
|  86|0x00000000e5600000, 0x00000000e5600000, 0x00000000e5700000|  0%| F|  |TAMS 0x00000000e5600000, 0x00000000e5600000| Untracked 
|  87|0x00000000e5700000, 0x00000000e5700000, 0x00000000e5800000|  0%| F|  |TAMS 0x00000000e5700000, 0x00000000e5700000| Untracked 
|  88|0x00000000e5800000, 0x00000000e5800000, 0x00000000e5900000|  0%| F|  |TAMS 0x00000000e5800000, 0x00000000e5800000| Untracked 
|  89|0x00000000e5900000, 0x00000000e5900000, 0x00000000e5a00000|  0%| F|  |TAMS 0x00000000e5900000, 0x00000000e5900000| Untracked 
|  90|0x00000000e5a00000, 0x00000000e5a00000, 0x00000000e5b00000|  0%| F|  |TAMS 0x00000000e5a00000, 0x00000000e5a00000| Untracked 
|  91|0x00000000e5b00000, 0x00000000e5b00000, 0x00000000e5c00000|  0%| F|  |TAMS 0x00000000e5b00000, 0x00000000e5b00000| Untracked 
|  92|0x00000000e5c00000, 0x00000000e5c00000, 0x00000000e5d00000|  0%| F|  |TAMS 0x00000000e5c00000, 0x00000000e5c00000| Untracked 
|  93|0x00000000e5d00000, 0x00000000e5d00000, 0x00000000e5e00000|  0%| F|  |TAMS 0x00000000e5d00000, 0x00000000e5d00000| Untracked 
|  94|0x00000000e5e00000, 0x00000000e5e00000, 0x00000000e5f00000|  0%| F|  |TAMS 0x00000000e5e00000, 0x00000000e5e00000| Untracked 
|  95|0x00000000e5f00000, 0x00000000e5f00000, 0x00000000e6000000|  0%| F|  |TAMS 0x00000000e5f00000, 0x00000000e5f00000| Untracked 
|  96|0x00000000e6000000, 0x00000000e6000000, 0x00000000e6100000|  0%| F|  |TAMS 0x00000000e6000000, 0x00000000e6000000| Untracked 
|  97|0x00000000e6100000, 0x00000000e6100000, 0x00000000e6200000|  0%| F|  |TAMS 0x00000000e6100000, 0x00000000e6100000| Untracked 
|  98|0x00000000e6200000, 0x00000000e6200000, 0x00000000e6300000|  0%| F|  |TAMS 0x00000000e6200000, 0x00000000e6200000| Untracked 
|  99|0x00000000e6300000, 0x00000000e6300000, 0x00000000e6400000|  0%| F|  |TAMS 0x00000000e6300000, 0x00000000e6300000| Untracked 
| 100|0x00000000e6400000, 0x00000000e6400000, 0x00000000e6500000|  0%| F|  |TAMS 0x00000000e6400000, 0x00000000e6400000| Untracked 
| 101|0x00000000e6500000, 0x00000000e6500000, 0x00000000e6600000|  0%| F|  |TAMS 0x00000000e6500000, 0x00000000e6500000| Untracked 
| 102|0x00000000e6600000, 0x00000000e6600000, 0x00000000e6700000|  0%| F|  |TAMS 0x00000000e6600000, 0x00000000e6600000| Untracked 
| 103|0x00000000e6700000, 0x00000000e6700000, 0x00000000e6800000|  0%| F|  |TAMS 0x00000000e6700000, 0x00000000e6700000| Untracked 
| 104|0x00000000e6800000, 0x00000000e6800000, 0x00000000e6900000|  0%| F|  |TAMS 0x00000000e6800000, 0x00000000e6800000| Untracked 
| 105|0x00000000e6900000, 0x00000000e6900000, 0x00000000e6a00000|  0%| F|  |TAMS 0x00000000e6900000, 0x00000000e6900000| Untracked 
| 106|0x00000000e6a00000, 0x00000000e6a00000, 0x00000000e6b00000|  0%| F|  |TAMS 0x00000000e6a00000, 0x00000000e6a00000| Untracked 
| 107|0x00000000e6b00000, 0x00000000e6b00000, 0x00000000e6c00000|  0%| F|  |TAMS 0x00000000e6b00000, 0x00000000e6b00000| Untracked 
| 108|0x00000000e6c00000, 0x00000000e6c00000, 0x00000000e6d00000|  0%| F|  |TAMS 0x00000000e6c00000, 0x00000000e6c00000| Untracked 
| 109|0x00000000e6d00000, 0x00000000e6d00000, 0x00000000e6e00000|  0%| F|  |TAMS 0x00000000e6d00000, 0x00000000e6d00000| Untracked 
| 110|0x00000000e6e00000, 0x00000000e6e00000, 0x00000000e6f00000|  0%| F|  |TAMS 0x00000000e6e00000, 0x00000000e6e00000| Untracked 
| 111|0x00000000e6f00000, 0x00000000e6f00000, 0x00000000e7000000|  0%| F|  |TAMS 0x00000000e6f00000, 0x00000000e6f00000| Untracked 
| 112|0x00000000e7000000, 0x00000000e7000000, 0x00000000e7100000|  0%| F|  |TAMS 0x00000000e7000000, 0x00000000e7000000| Untracked 
| 113|0x00000000e7100000, 0x00000000e7100000, 0x00000000e7200000|  0%| F|  |TAMS 0x00000000e7100000, 0x00000000e7100000| Untracked 
| 114|0x00000000e7200000, 0x00000000e7200000, 0x00000000e7300000|  0%| F|  |TAMS 0x00000000e7200000, 0x00000000e7200000| Untracked 
| 115|0x00000000e7300000, 0x00000000e7300000, 0x00000000e7400000|  0%| F|  |TAMS 0x00000000e7300000, 0x00000000e7300000| Untracked 
| 116|0x00000000e7400000, 0x00000000e7400000, 0x00000000e7500000|  0%| F|  |TAMS 0x00000000e7400000, 0x00000000e7400000| Untracked 
| 117|0x00000000e7500000, 0x00000000e7500000, 0x00000000e7600000|  0%| F|  |TAMS 0x00000000e7500000, 0x00000000e7500000| Untracked 
| 118|0x00000000e7600000, 0x00000000e7600000, 0x00000000e7700000|  0%| F|  |TAMS 0x00000000e7600000, 0x00000000e7600000| Untracked 
| 119|0x00000000e7700000, 0x00000000e7700000, 0x00000000e7800000|  0%| F|  |TAMS 0x00000000e7700000, 0x00000000e7700000| Untracked 
| 120|0x00000000e7800000, 0x00000000e7800000, 0x00000000e7900000|  0%| F|  |TAMS 0x00000000e7800000, 0x00000000e7800000| Untracked 
| 121|0x00000000e7900000, 0x00000000e7900000, 0x00000000e7a00000|  0%| F|  |TAMS 0x00000000e7900000, 0x00000000e7900000| Untracked 
| 122|0x00000000e7a00000, 0x00000000e7a00000, 0x00000000e7b00000|  0%| F|  |TAMS 0x00000000e7a00000, 0x00000000e7a00000| Untracked 
| 123|0x00000000e7b00000, 0x00000000e7b00000, 0x00000000e7c00000|  0%| F|  |TAMS 0x00000000e7b00000, 0x00000000e7b00000| Untracked 
| 124|0x00000000e7c00000, 0x00000000e7c00000, 0x00000000e7d00000|  0%| F|  |TAMS 0x00000000e7c00000, 0x00000000e7c00000| Untracked 
| 125|0x00000000e7d00000, 0x00000000e7d00000, 0x00000000e7e00000|  0%| F|  |TAMS 0x00000000e7d00000, 0x00000000e7d00000| Untracked 
| 126|0x00000000e7e00000, 0x00000000e7e00000, 0x00000000e7f00000|  0%| F|  |TAMS 0x00000000e7e00000, 0x00000000e7e00000| Untracked 
| 127|0x00000000e7f00000, 0x00000000e7f00000, 0x00000000e8000000|  0%| F|  |TAMS 0x00000000e7f00000, 0x00000000e7f00000| Untracked 
| 128|0x00000000e8000000, 0x00000000e8000000, 0x00000000e8100000|  0%| F|  |TAMS 0x00000000e8000000, 0x00000000e8000000| Untracked 
| 129|0x00000000e8100000, 0x00000000e8100000, 0x00000000e8200000|  0%| F|  |TAMS 0x00000000e8100000, 0x00000000e8100000| Untracked 
| 130|0x00000000e8200000, 0x00000000e8200000, 0x00000000e8300000|  0%| F|  |TAMS 0x00000000e8200000, 0x00000000e8200000| Untracked 
| 131|0x00000000e8300000, 0x00000000e8300000, 0x00000000e8400000|  0%| F|  |TAMS 0x00000000e8300000, 0x00000000e8300000| Untracked 
| 132|0x00000000e8400000, 0x00000000e8400000, 0x00000000e8500000|  0%| F|  |TAMS 0x00000000e8400000, 0x00000000e8400000| Untracked 
| 133|0x00000000e8500000, 0x00000000e8500000, 0x00000000e8600000|  0%| F|  |TAMS 0x00000000e8500000, 0x00000000e8500000| Untracked 
| 134|0x00000000e8600000, 0x00000000e86adb58, 0x00000000e8700000| 67%| S|CS|TAMS 0x00000000e8600000, 0x00000000e8600000| Complete 
| 135|0x00000000e8700000, 0x00000000e8800000, 0x00000000e8800000|100%| S|CS|TAMS 0x00000000e8700000, 0x00000000e8700000| Complete 
| 136|0x00000000e8800000, 0x00000000e8900000, 0x00000000e8900000|100%| S|CS|TAMS 0x00000000e8800000, 0x00000000e8800000| Complete 
| 137|0x00000000e8900000, 0x00000000e8a00000, 0x00000000e8a00000|100%| S|CS|TAMS 0x00000000e8900000, 0x00000000e8900000| Complete 
| 138|0x00000000e8a00000, 0x00000000e8b00000, 0x00000000e8b00000|100%| S|CS|TAMS 0x00000000e8a00000, 0x00000000e8a00000| Complete 
| 139|0x00000000e8b00000, 0x00000000e8c00000, 0x00000000e8c00000|100%| S|CS|TAMS 0x00000000e8b00000, 0x00000000e8b00000| Complete 
| 140|0x00000000e8c00000, 0x00000000e8d00000, 0x00000000e8d00000|100%| S|CS|TAMS 0x00000000e8c00000, 0x00000000e8c00000| Complete 
| 141|0x00000000e8d00000, 0x00000000e8e00000, 0x00000000e8e00000|100%| S|CS|TAMS 0x00000000e8d00000, 0x00000000e8d00000| Complete 
| 142|0x00000000e8e00000, 0x00000000e8f00000, 0x00000000e8f00000|100%| S|CS|TAMS 0x00000000e8e00000, 0x00000000e8e00000| Complete 
| 143|0x00000000e8f00000, 0x00000000e9000000, 0x00000000e9000000|100%| S|CS|TAMS 0x00000000e8f00000, 0x00000000e8f00000| Complete 
| 144|0x00000000e9000000, 0x00000000e9100000, 0x00000000e9100000|100%| S|CS|TAMS 0x00000000e9000000, 0x00000000e9000000| Complete 
| 145|0x00000000e9100000, 0x00000000e9200000, 0x00000000e9200000|100%| S|CS|TAMS 0x00000000e9100000, 0x00000000e9100000| Complete 
| 146|0x00000000e9200000, 0x00000000e9200000, 0x00000000e9300000|  0%| F|  |TAMS 0x00000000e9200000, 0x00000000e9200000| Untracked 
| 147|0x00000000e9300000, 0x00000000e9300000, 0x00000000e9400000|  0%| F|  |TAMS 0x00000000e9300000, 0x00000000e9300000| Untracked 
| 148|0x00000000e9400000, 0x00000000e9400000, 0x00000000e9500000|  0%| F|  |TAMS 0x00000000e9400000, 0x00000000e9400000| Untracked 
| 149|0x00000000e9500000, 0x00000000e9500000, 0x00000000e9600000|  0%| F|  |TAMS 0x00000000e9500000, 0x00000000e9500000| Untracked 
| 150|0x00000000e9600000, 0x00000000e9600000, 0x00000000e9700000|  0%| F|  |TAMS 0x00000000e9600000, 0x00000000e9600000| Untracked 
| 151|0x00000000e9700000, 0x00000000e9700000, 0x00000000e9800000|  0%| F|  |TAMS 0x00000000e9700000, 0x00000000e9700000| Untracked 
| 152|0x00000000e9800000, 0x00000000e9800000, 0x00000000e9900000|  0%| F|  |TAMS 0x00000000e9800000, 0x00000000e9800000| Untracked 
| 153|0x00000000e9900000, 0x00000000e9900000, 0x00000000e9a00000|  0%| F|  |TAMS 0x00000000e9900000, 0x00000000e9900000| Untracked 
| 154|0x00000000e9a00000, 0x00000000e9a00000, 0x00000000e9b00000|  0%| F|  |TAMS 0x00000000e9a00000, 0x00000000e9a00000| Untracked 
| 155|0x00000000e9b00000, 0x00000000e9b00000, 0x00000000e9c00000|  0%| F|  |TAMS 0x00000000e9b00000, 0x00000000e9b00000| Untracked 
| 156|0x00000000e9c00000, 0x00000000e9c00000, 0x00000000e9d00000|  0%| F|  |TAMS 0x00000000e9c00000, 0x00000000e9c00000| Untracked 
| 157|0x00000000e9d00000, 0x00000000e9d00000, 0x00000000e9e00000|  0%| F|  |TAMS 0x00000000e9d00000, 0x00000000e9d00000| Untracked 
| 158|0x00000000e9e00000, 0x00000000e9e00000, 0x00000000e9f00000|  0%| F|  |TAMS 0x00000000e9e00000, 0x00000000e9e00000| Untracked 
| 159|0x00000000e9f00000, 0x00000000e9f00000, 0x00000000ea000000|  0%| F|  |TAMS 0x00000000e9f00000, 0x00000000e9f00000| Untracked 
| 160|0x00000000ea000000, 0x00000000ea000000, 0x00000000ea100000|  0%| F|  |TAMS 0x00000000ea000000, 0x00000000ea000000| Untracked 
| 161|0x00000000ea100000, 0x00000000ea100000, 0x00000000ea200000|  0%| F|  |TAMS 0x00000000ea100000, 0x00000000ea100000| Untracked 
| 162|0x00000000ea200000, 0x00000000ea200000, 0x00000000ea300000|  0%| F|  |TAMS 0x00000000ea200000, 0x00000000ea200000| Untracked 
| 163|0x00000000ea300000, 0x00000000ea300000, 0x00000000ea400000|  0%| F|  |TAMS 0x00000000ea300000, 0x00000000ea300000| Untracked 
| 164|0x00000000ea400000, 0x00000000ea400000, 0x00000000ea500000|  0%| F|  |TAMS 0x00000000ea400000, 0x00000000ea400000| Untracked 
| 165|0x00000000ea500000, 0x00000000ea500000, 0x00000000ea600000|  0%| F|  |TAMS 0x00000000ea500000, 0x00000000ea500000| Untracked 
| 166|0x00000000ea600000, 0x00000000ea600000, 0x00000000ea700000|  0%| F|  |TAMS 0x00000000ea600000, 0x00000000ea600000| Untracked 
| 167|0x00000000ea700000, 0x00000000ea700000, 0x00000000ea800000|  0%| F|  |TAMS 0x00000000ea700000, 0x00000000ea700000| Untracked 
| 168|0x00000000ea800000, 0x00000000ea800000, 0x00000000ea900000|  0%| F|  |TAMS 0x00000000ea800000, 0x00000000ea800000| Untracked 
| 169|0x00000000ea900000, 0x00000000ea900000, 0x00000000eaa00000|  0%| F|  |TAMS 0x00000000ea900000, 0x00000000ea900000| Untracked 
| 170|0x00000000eaa00000, 0x00000000eaa00000, 0x00000000eab00000|  0%| F|  |TAMS 0x00000000eaa00000, 0x00000000eaa00000| Untracked 
| 171|0x00000000eab00000, 0x00000000eab00000, 0x00000000eac00000|  0%| F|  |TAMS 0x00000000eab00000, 0x00000000eab00000| Untracked 
| 172|0x00000000eac00000, 0x00000000eac00000, 0x00000000ead00000|  0%| F|  |TAMS 0x00000000eac00000, 0x00000000eac00000| Untracked 
| 173|0x00000000ead00000, 0x00000000ead00000, 0x00000000eae00000|  0%| F|  |TAMS 0x00000000ead00000, 0x00000000ead00000| Untracked 
| 174|0x00000000eae00000, 0x00000000eae00000, 0x00000000eaf00000|  0%| F|  |TAMS 0x00000000eae00000, 0x00000000eae00000| Untracked 
| 175|0x00000000eaf00000, 0x00000000eaf00000, 0x00000000eb000000|  0%| F|  |TAMS 0x00000000eaf00000, 0x00000000eaf00000| Untracked 
| 176|0x00000000eb000000, 0x00000000eb000000, 0x00000000eb100000|  0%| F|  |TAMS 0x00000000eb000000, 0x00000000eb000000| Untracked 
| 177|0x00000000eb100000, 0x00000000eb100000, 0x00000000eb200000|  0%| F|  |TAMS 0x00000000eb100000, 0x00000000eb100000| Untracked 
| 178|0x00000000eb200000, 0x00000000eb200000, 0x00000000eb300000|  0%| F|  |TAMS 0x00000000eb200000, 0x00000000eb200000| Untracked 
| 179|0x00000000eb300000, 0x00000000eb300000, 0x00000000eb400000|  0%| F|  |TAMS 0x00000000eb300000, 0x00000000eb300000| Untracked 
| 180|0x00000000eb400000, 0x00000000eb400000, 0x00000000eb500000|  0%| F|  |TAMS 0x00000000eb400000, 0x00000000eb400000| Untracked 
| 181|0x00000000eb500000, 0x00000000eb500000, 0x00000000eb600000|  0%| F|  |TAMS 0x00000000eb500000, 0x00000000eb500000| Untracked 
| 182|0x00000000eb600000, 0x00000000eb600000, 0x00000000eb700000|  0%| F|  |TAMS 0x00000000eb600000, 0x00000000eb600000| Untracked 
| 183|0x00000000eb700000, 0x00000000eb700000, 0x00000000eb800000|  0%| F|  |TAMS 0x00000000eb700000, 0x00000000eb700000| Untracked 
| 184|0x00000000eb800000, 0x00000000eb800000, 0x00000000eb900000|  0%| F|  |TAMS 0x00000000eb800000, 0x00000000eb800000| Untracked 
| 185|0x00000000eb900000, 0x00000000eb900000, 0x00000000eba00000|  0%| F|  |TAMS 0x00000000eb900000, 0x00000000eb900000| Untracked 
| 186|0x00000000eba00000, 0x00000000eba00000, 0x00000000ebb00000|  0%| F|  |TAMS 0x00000000eba00000, 0x00000000eba00000| Untracked 
| 187|0x00000000ebb00000, 0x00000000ebb00000, 0x00000000ebc00000|  0%| F|  |TAMS 0x00000000ebb00000, 0x00000000ebb00000| Untracked 
| 188|0x00000000ebc00000, 0x00000000ebc00000, 0x00000000ebd00000|  0%| F|  |TAMS 0x00000000ebc00000, 0x00000000ebc00000| Untracked 
| 189|0x00000000ebd00000, 0x00000000ebd00000, 0x00000000ebe00000|  0%| F|  |TAMS 0x00000000ebd00000, 0x00000000ebd00000| Untracked 
| 190|0x00000000ebe00000, 0x00000000ebe00000, 0x00000000ebf00000|  0%| F|  |TAMS 0x00000000ebe00000, 0x00000000ebe00000| Untracked 
| 191|0x00000000ebf00000, 0x00000000ebf00000, 0x00000000ec000000|  0%| F|  |TAMS 0x00000000ebf00000, 0x00000000ebf00000| Untracked 
| 192|0x00000000ec000000, 0x00000000ec000000, 0x00000000ec100000|  0%| F|  |TAMS 0x00000000ec000000, 0x00000000ec000000| Untracked 
| 193|0x00000000ec100000, 0x00000000ec200000, 0x00000000ec200000|100%| E|  |TAMS 0x00000000ec100000, 0x00000000ec100000| Complete 
| 194|0x00000000ec200000, 0x00000000ec300000, 0x00000000ec300000|100%| E|CS|TAMS 0x00000000ec200000, 0x00000000ec200000| Complete 
| 195|0x00000000ec300000, 0x00000000ec400000, 0x00000000ec400000|100%| E|CS|TAMS 0x00000000ec300000, 0x00000000ec300000| Complete 
| 196|0x00000000ec400000, 0x00000000ec500000, 0x00000000ec500000|100%| E|CS|TAMS 0x00000000ec400000, 0x00000000ec400000| Complete 
| 197|0x00000000ec500000, 0x00000000ec600000, 0x00000000ec600000|100%| E|CS|TAMS 0x00000000ec500000, 0x00000000ec500000| Complete 
| 198|0x00000000ec600000, 0x00000000ec700000, 0x00000000ec700000|100%| E|CS|TAMS 0x00000000ec600000, 0x00000000ec600000| Complete 
| 199|0x00000000ec700000, 0x00000000ec800000, 0x00000000ec800000|100%| E|CS|TAMS 0x00000000ec700000, 0x00000000ec700000| Complete 
| 200|0x00000000ec800000, 0x00000000ec900000, 0x00000000ec900000|100%| E|CS|TAMS 0x00000000ec800000, 0x00000000ec800000| Complete 
| 201|0x00000000ec900000, 0x00000000eca00000, 0x00000000eca00000|100%| E|CS|TAMS 0x00000000ec900000, 0x00000000ec900000| Complete 
| 202|0x00000000eca00000, 0x00000000ecb00000, 0x00000000ecb00000|100%| E|CS|TAMS 0x00000000eca00000, 0x00000000eca00000| Complete 
| 203|0x00000000ecb00000, 0x00000000ecc00000, 0x00000000ecc00000|100%| E|CS|TAMS 0x00000000ecb00000, 0x00000000ecb00000| Complete 
| 204|0x00000000ecc00000, 0x00000000ecd00000, 0x00000000ecd00000|100%| E|CS|TAMS 0x00000000ecc00000, 0x00000000ecc00000| Complete 
| 205|0x00000000ecd00000, 0x00000000ece00000, 0x00000000ece00000|100%| E|CS|TAMS 0x00000000ecd00000, 0x00000000ecd00000| Complete 
| 206|0x00000000ece00000, 0x00000000ecf00000, 0x00000000ecf00000|100%| E|CS|TAMS 0x00000000ece00000, 0x00000000ece00000| Complete 
| 207|0x00000000ecf00000, 0x00000000ed000000, 0x00000000ed000000|100%| E|CS|TAMS 0x00000000ecf00000, 0x00000000ecf00000| Complete 
| 208|0x00000000ed000000, 0x00000000ed100000, 0x00000000ed100000|100%| E|CS|TAMS 0x00000000ed000000, 0x00000000ed000000| Complete 
| 209|0x00000000ed100000, 0x00000000ed200000, 0x00000000ed200000|100%| E|CS|TAMS 0x00000000ed100000, 0x00000000ed100000| Complete 
| 210|0x00000000ed200000, 0x00000000ed300000, 0x00000000ed300000|100%| E|CS|TAMS 0x00000000ed200000, 0x00000000ed200000| Complete 
| 211|0x00000000ed300000, 0x00000000ed400000, 0x00000000ed400000|100%| E|CS|TAMS 0x00000000ed300000, 0x00000000ed300000| Complete 
| 212|0x00000000ed400000, 0x00000000ed500000, 0x00000000ed500000|100%| E|CS|TAMS 0x00000000ed400000, 0x00000000ed400000| Complete 
| 213|0x00000000ed500000, 0x00000000ed600000, 0x00000000ed600000|100%| E|CS|TAMS 0x00000000ed500000, 0x00000000ed500000| Complete 
| 214|0x00000000ed600000, 0x00000000ed700000, 0x00000000ed700000|100%| E|CS|TAMS 0x00000000ed600000, 0x00000000ed600000| Complete 
| 215|0x00000000ed700000, 0x00000000ed800000, 0x00000000ed800000|100%| E|CS|TAMS 0x00000000ed700000, 0x00000000ed700000| Complete 
| 216|0x00000000ed800000, 0x00000000ed900000, 0x00000000ed900000|100%| E|CS|TAMS 0x00000000ed800000, 0x00000000ed800000| Complete 
| 217|0x00000000ed900000, 0x00000000eda00000, 0x00000000eda00000|100%| E|CS|TAMS 0x00000000ed900000, 0x00000000ed900000| Complete 
| 218|0x00000000eda00000, 0x00000000edb00000, 0x00000000edb00000|100%| E|CS|TAMS 0x00000000eda00000, 0x00000000eda00000| Complete 
| 219|0x00000000edb00000, 0x00000000edc00000, 0x00000000edc00000|100%| E|CS|TAMS 0x00000000edb00000, 0x00000000edb00000| Complete 
| 220|0x00000000edc00000, 0x00000000edd00000, 0x00000000edd00000|100%| E|CS|TAMS 0x00000000edc00000, 0x00000000edc00000| Complete 
| 221|0x00000000edd00000, 0x00000000ede00000, 0x00000000ede00000|100%| E|CS|TAMS 0x00000000edd00000, 0x00000000edd00000| Complete 
| 222|0x00000000ede00000, 0x00000000edf00000, 0x00000000edf00000|100%| E|CS|TAMS 0x00000000ede00000, 0x00000000ede00000| Complete 
| 223|0x00000000edf00000, 0x00000000ee000000, 0x00000000ee000000|100%| E|CS|TAMS 0x00000000edf00000, 0x00000000edf00000| Complete 
| 224|0x00000000ee000000, 0x00000000ee100000, 0x00000000ee100000|100%| E|CS|TAMS 0x00000000ee000000, 0x00000000ee000000| Complete 
| 225|0x00000000ee100000, 0x00000000ee200000, 0x00000000ee200000|100%| E|CS|TAMS 0x00000000ee100000, 0x00000000ee100000| Complete 
| 226|0x00000000ee200000, 0x00000000ee300000, 0x00000000ee300000|100%| E|CS|TAMS 0x00000000ee200000, 0x00000000ee200000| Complete 
| 227|0x00000000ee300000, 0x00000000ee400000, 0x00000000ee400000|100%| E|CS|TAMS 0x00000000ee300000, 0x00000000ee300000| Complete 
| 228|0x00000000ee400000, 0x00000000ee500000, 0x00000000ee500000|100%| E|CS|TAMS 0x00000000ee400000, 0x00000000ee400000| Complete 
| 229|0x00000000ee500000, 0x00000000ee600000, 0x00000000ee600000|100%| E|CS|TAMS 0x00000000ee500000, 0x00000000ee500000| Complete 
| 230|0x00000000ee600000, 0x00000000ee700000, 0x00000000ee700000|100%| E|CS|TAMS 0x00000000ee600000, 0x00000000ee600000| Complete 
| 231|0x00000000ee700000, 0x00000000ee800000, 0x00000000ee800000|100%| E|CS|TAMS 0x00000000ee700000, 0x00000000ee700000| Complete 
| 232|0x00000000ee800000, 0x00000000ee900000, 0x00000000ee900000|100%| E|CS|TAMS 0x00000000ee800000, 0x00000000ee800000| Complete 
| 233|0x00000000ee900000, 0x00000000eea00000, 0x00000000eea00000|100%| E|CS|TAMS 0x00000000ee900000, 0x00000000ee900000| Complete 
| 234|0x00000000eea00000, 0x00000000eeb00000, 0x00000000eeb00000|100%| E|CS|TAMS 0x00000000eea00000, 0x00000000eea00000| Complete 
| 235|0x00000000eeb00000, 0x00000000eec00000, 0x00000000eec00000|100%| E|CS|TAMS 0x00000000eeb00000, 0x00000000eeb00000| Complete 
| 236|0x00000000eec00000, 0x00000000eed00000, 0x00000000eed00000|100%| E|CS|TAMS 0x00000000eec00000, 0x00000000eec00000| Complete 
| 237|0x00000000eed00000, 0x00000000eee00000, 0x00000000eee00000|100%| E|CS|TAMS 0x00000000eed00000, 0x00000000eed00000| Complete 
| 238|0x00000000eee00000, 0x00000000eef00000, 0x00000000eef00000|100%| E|CS|TAMS 0x00000000eee00000, 0x00000000eee00000| Complete 
| 239|0x00000000eef00000, 0x00000000ef000000, 0x00000000ef000000|100%| E|CS|TAMS 0x00000000eef00000, 0x00000000eef00000| Complete 
| 240|0x00000000ef000000, 0x00000000ef100000, 0x00000000ef100000|100%| E|CS|TAMS 0x00000000ef000000, 0x00000000ef000000| Complete 
| 241|0x00000000ef100000, 0x00000000ef200000, 0x00000000ef200000|100%| E|CS|TAMS 0x00000000ef100000, 0x00000000ef100000| Complete 
| 242|0x00000000ef200000, 0x00000000ef300000, 0x00000000ef300000|100%| E|CS|TAMS 0x00000000ef200000, 0x00000000ef200000| Complete 
| 243|0x00000000ef300000, 0x00000000ef400000, 0x00000000ef400000|100%| E|CS|TAMS 0x00000000ef300000, 0x00000000ef300000| Complete 
| 244|0x00000000ef400000, 0x00000000ef500000, 0x00000000ef500000|100%| E|CS|TAMS 0x00000000ef400000, 0x00000000ef400000| Complete 
| 245|0x00000000ef500000, 0x00000000ef600000, 0x00000000ef600000|100%| E|CS|TAMS 0x00000000ef500000, 0x00000000ef500000| Complete 
| 246|0x00000000ef600000, 0x00000000ef700000, 0x00000000ef700000|100%| E|CS|TAMS 0x00000000ef600000, 0x00000000ef600000| Complete 
| 247|0x00000000ef700000, 0x00000000ef800000, 0x00000000ef800000|100%| E|CS|TAMS 0x00000000ef700000, 0x00000000ef700000| Complete 
| 248|0x00000000ef800000, 0x00000000ef900000, 0x00000000ef900000|100%| E|CS|TAMS 0x00000000ef800000, 0x00000000ef800000| Complete 
| 249|0x00000000ef900000, 0x00000000efa00000, 0x00000000efa00000|100%| E|CS|TAMS 0x00000000ef900000, 0x00000000ef900000| Complete 
| 250|0x00000000efa00000, 0x00000000efb00000, 0x00000000efb00000|100%| E|CS|TAMS 0x00000000efa00000, 0x00000000efa00000| Complete 
| 251|0x00000000efb00000, 0x00000000efc00000, 0x00000000efc00000|100%| E|CS|TAMS 0x00000000efb00000, 0x00000000efb00000| Complete 
| 252|0x00000000efc00000, 0x00000000efd00000, 0x00000000efd00000|100%| E|CS|TAMS 0x00000000efc00000, 0x00000000efc00000| Complete 
| 253|0x00000000efd00000, 0x00000000efe00000, 0x00000000efe00000|100%| E|CS|TAMS 0x00000000efd00000, 0x00000000efd00000| Complete 
| 254|0x00000000efe00000, 0x00000000eff00000, 0x00000000eff00000|100%| E|CS|TAMS 0x00000000efe00000, 0x00000000efe00000| Complete 
| 255|0x00000000eff00000, 0x00000000f0000000, 0x00000000f0000000|100%| E|CS|TAMS 0x00000000eff00000, 0x00000000eff00000| Complete 

Card table byte_map: [0x000001b9dc7c0000,0x000001b9dc8c0000] _byte_map_base: 0x000001b9dc0c0000

Marking Bits (Prev, Next): (CMBitMap*) 0x000001b9c5328910, (CMBitMap*) 0x000001b9c53288d0
 Prev Bits: [0x000001b9dd1c0000, 0x000001b9dd9c0000)
 Next Bits: [0x000001b9dc9c0000, 0x000001b9dd1c0000)

Polling page: 0x000001b9c3210000

Metaspace:

Usage:
  Non-class:     23.47 MB used.
      Class:      4.11 MB used.
       Both:     27.58 MB used.

Virtual space:
  Non-class space:       64.00 MB reserved,      23.69 MB ( 37%) committed,  1 nodes.
      Class space:      320.00 MB reserved,       4.31 MB (  1%) committed,  1 nodes.
             Both:      384.00 MB reserved,      28.00 MB (  7%) committed. 

Chunk freelists:
   Non-Class:  7.78 MB
       Class:  11.52 MB
        Both:  19.30 MB

MaxMetaspaceSize: 384.00 MB
CompressedClassSpaceSize: 320.00 MB
Initial GC threshold: 21.00 MB
Current GC threshold: 35.12 MB
CDS: on
MetaspaceReclaimPolicy: balanced
 - commit_granule_bytes: 65536.
 - commit_granule_words: 8192.
 - virtual_space_node_default_size: 8388608.
 - enlarge_chunks_in_place: 1.
 - new_chunks_are_fully_committed: 0.
 - uncommit_free_chunks: 1.
 - use_allocation_guard: 0.
 - handle_deallocations: 1.


Internal statistics:

num_allocs_failed_limit: 3.
num_arena_births: 444.
num_arena_deaths: 0.
num_vsnodes_births: 2.
num_vsnodes_deaths: 0.
num_space_committed: 448.
num_space_uncommitted: 0.
num_chunks_returned_to_freelist: 3.
num_chunks_taken_from_freelist: 1586.
num_chunk_merges: 0.
num_chunk_splits: 1009.
num_chunks_enlarged: 676.
num_inconsistent_stats: 0.

CodeHeap 'non-profiled nmethods': size=119168Kb used=2404Kb max_used=2404Kb free=116763Kb
 bounds [0x000001b9d49e0000, 0x000001b9d4c50000, 0x000001b9dbe40000]
CodeHeap 'profiled nmethods': size=119104Kb used=7806Kb max_used=7806Kb free=111297Kb
 bounds [0x000001b9cce40000, 0x000001b9cd5e0000, 0x000001b9d4290000]
CodeHeap 'non-nmethods': size=7488Kb used=1254Kb max_used=2997Kb free=6233Kb
 bounds [0x000001b9d4290000, 0x000001b9d4590000, 0x000001b9d49e0000]
 total_blobs=4234 nmethods=3670 adapters=476
 compilation: enabled
              stopped_count=0, restarted_count=0
 full_count=0

Compilation events (20 events):
Event: 5.545 Thread 0x000001b9fbc19300 nmethod 3632 0x000001b9cd5c8210 code [0x000001b9cd5c85a0, 0x000001b9cd5c9b08]
Event: 5.555 Thread 0x000001b9fbc19300 3635       3       jdk.internal.misc.Unsafe::getAndBitwiseAndInt (27 bytes)
Event: 5.555 Thread 0x000001b9fbc19300 nmethod 3635 0x000001b9cd5ca110 code [0x000001b9cd5ca2c0, 0x000001b9cd5ca508]
Event: 5.558 Thread 0x000001b9fb5c44c0 3636   !   4       java.util.concurrent.ConcurrentHashMap::computeIfAbsent (576 bytes)
Event: 5.569 Thread 0x000001b9e09660b0 nmethod 3629 0x000001b9d4c21990 code [0x000001b9d4c21c00, 0x000001b9d4c24080]
Event: 5.595 Thread 0x000001b9fb5c44c0 nmethod 3636 0x000001b9d4c25290 code [0x000001b9d4c254e0, 0x000001b9d4c27830]
Event: 5.597 Thread 0x000001b9fb5c44c0 3638  s    4       jdk.internal.loader.Resource::cachedInputStream (20 bytes)
Event: 5.598 Thread 0x000001b9e09660b0 3639       4       jdk.internal.loader.URLClassPath$JarLoader$2::getCodeSourceURL (8 bytes)
Event: 5.599 Thread 0x000001b9e09660b0 nmethod 3639 0x000001b9d4c28c90 code [0x000001b9d4c28e00, 0x000001b9d4c28e98]
Event: 5.599 Thread 0x000001b9fb5c44c0 nmethod 3638 0x000001b9d4c28f90 code [0x000001b9d4c29120, 0x000001b9d4c29528]
Event: 5.600 Thread 0x000001b9e09660b0 3640   !   4       java.net.URLClassLoader::findClass (47 bytes)
Event: 5.600 Thread 0x000001b9fb5c44c0 3641       4       java.net.URLClassLoader$1::run (5 bytes)
Event: 5.601 Thread 0x000001b9e0ba0040 3643       3       jdk.internal.loader.URLClassPath$JarLoader::findResource (18 bytes)
Event: 5.601 Thread 0x000001b9e0ba0040 nmethod 3643 0x000001b9cd5ca610 code [0x000001b9cd5ca7c0, 0x000001b9cd5caa38]
Event: 5.601 Thread 0x000001b9e097bf40 3644       3       sun.nio.fs.WindowsFileSystemProvider::getFileAttributeView (118 bytes)
Event: 5.601 Thread 0x000001b9e097bf40 nmethod 3644 0x000001b9cd5cab10 code [0x000001b9cd5cae00, 0x000001b9cd5cbde8]
Event: 5.928 Thread 0x000001b9e097bf40 3647       3       java.util.concurrent.locks.AbstractQueuedSynchronizer$ConditionObject::enableWait (84 bytes)
Event: 5.928 Thread 0x000001b9fbc19300 3646       3       java.util.concurrent.locks.AbstractQueuedSynchronizer$ConditionNode::<init> (5 bytes)
Event: 5.928 Thread 0x000001b9e0ba0040 3648       3       java.util.concurrent.locks.AbstractQueuedSynchronizer$Node::setStatusRelaxed (12 bytes)
Event: 6.071 Thread 0x000001b9e0b9c650 3649   !   3       java.util.concurrent.locks.AbstractQueuedSynchronizer::acquire (407 bytes)

GC Heap History (8 events):
Event: 0.563 GC heap before
{Heap before GC invocations=0 (full 0):
 garbage-first heap   total 262144K, used 23552K [0x00000000e0000000, 0x0000000100000000)
  region size 1024K, 23 young (23552K), 0 survivors (0K)
 Metaspace       used 1061K, committed 1216K, reserved 393216K
  class space    used 73K, committed 128K, reserved 327680K
}
Event: 0.567 GC heap after
{Heap after GC invocations=1 (full 0):
 garbage-first heap   total 262144K, used 1925K [0x00000000e0000000, 0x0000000100000000)
  region size 1024K, 2 young (2048K), 2 survivors (2048K)
 Metaspace       used 1061K, committed 1216K, reserved 393216K
  class space    used 73K, committed 128K, reserved 327680K
}
Event: 1.317 GC heap before
{Heap before GC invocations=1 (full 0):
 garbage-first heap   total 262144K, used 41861K [0x00000000e0000000, 0x0000000100000000)
  region size 1024K, 38 young (38912K), 2 survivors (2048K)
 Metaspace       used 4434K, committed 4608K, reserved 393216K
  class space    used 547K, committed 640K, reserved 327680K
}
Event: 1.319 GC heap after
{Heap after GC invocations=2 (full 0):
 garbage-first heap   total 262144K, used 11071K [0x00000000e0000000, 0x0000000100000000)
  region size 1024K, 5 young (5120K), 5 survivors (5120K)
 Metaspace       used 4434K, committed 4608K, reserved 393216K
  class space    used 547K, committed 640K, reserved 327680K
}
Event: 1.953 GC heap before
{Heap before GC invocations=2 (full 0):
 garbage-first heap   total 262144K, used 63295K [0x00000000e0000000, 0x0000000100000000)
  region size 1024K, 54 young (55296K), 5 survivors (5120K)
 Metaspace       used 4923K, committed 5120K, reserved 393216K
  class space    used 626K, committed 704K, reserved 327680K
}
Event: 1.956 GC heap after
{Heap after GC invocations=3 (full 0):
 garbage-first heap   total 262144K, used 16397K [0x00000000e0000000, 0x0000000100000000)
  region size 1024K, 5 young (5120K), 5 survivors (5120K)
 Metaspace       used 4923K, committed 5120K, reserved 393216K
  class space    used 626K, committed 704K, reserved 327680K
}
Event: 4.404 GC heap before
{Heap before GC invocations=3 (full 0):
 garbage-first heap   total 262144K, used 122893K [0x00000000e0000000, 0x0000000100000000)
  region size 1024K, 110 young (112640K), 5 survivors (5120K)
 Metaspace       used 21169K, committed 21504K, reserved 393216K
  class space    used 3070K, committed 3200K, reserved 327680K
}
Event: 4.411 GC heap after
{Heap after GC invocations=4 (full 0):
 garbage-first heap   total 262144K, used 23885K [0x00000000e0000000, 0x0000000100000000)
  region size 1024K, 12 young (12288K), 12 survivors (12288K)
 Metaspace       used 21169K, committed 21504K, reserved 393216K
  class space    used 3070K, committed 3200K, reserved 327680K
}

Dll operation events (15 events):
Event: 0.031 Loaded shared library C:\Program Files\Amazon Corretto\jdk17.0.15_6\bin\java.dll
Event: 0.051 Loaded shared library C:\Program Files\Amazon Corretto\jdk17.0.15_6\bin\jsvml.dll
Event: 0.172 Loaded shared library C:\Program Files\Amazon Corretto\jdk17.0.15_6\bin\zip.dll
Event: 0.175 Loaded shared library C:\Program Files\Amazon Corretto\jdk17.0.15_6\bin\instrument.dll
Event: 0.183 Loaded shared library C:\Program Files\Amazon Corretto\jdk17.0.15_6\bin\net.dll
Event: 0.186 Loaded shared library C:\Program Files\Amazon Corretto\jdk17.0.15_6\bin\nio.dll
Event: 0.189 Loaded shared library C:\Program Files\Amazon Corretto\jdk17.0.15_6\bin\zip.dll
Event: 0.523 Loaded shared library C:\Program Files\Amazon Corretto\jdk17.0.15_6\bin\jimage.dll
Event: 0.793 Loaded shared library C:\Program Files\Amazon Corretto\jdk17.0.15_6\bin\verify.dll
Event: 0.868 Loaded shared library C:\Users\Home\.gradle\native\1def1411415f61bf3af743bc5b6707747c0891f09f0c88961ee8f79bc544acac\windows-amd64\native-platform.dll
Event: 0.883 Loaded shared library C:\Users\Home\.gradle\native\0.2.7\x86_64-windows-gnu\gradle-fileevents.dll
Event: 2.141 Loaded shared library C:\Program Files\Amazon Corretto\jdk17.0.15_6\bin\management.dll
Event: 2.152 Loaded shared library C:\Program Files\Amazon Corretto\jdk17.0.15_6\bin\management_ext.dll
Event: 2.517 Loaded shared library C:\Program Files\Amazon Corretto\jdk17.0.15_6\bin\extnet.dll
Event: 2.746 Loaded shared library C:\Program Files\Amazon Corretto\jdk17.0.15_6\bin\sunmscapi.dll

Deoptimization events (20 events):
Event: 5.389 Thread 0x000001b9fb04d520 DEOPT PACKING pc=0x000001b9d4a96978 sp=0x00000027307f8c40
Event: 5.389 Thread 0x000001b9fb04d520 DEOPT UNPACKING pc=0x000001b9d42e69a3 sp=0x00000027307f8bd8 mode 2
Event: 5.389 Thread 0x000001b9fb04d520 Uncommon trap: trap_request=0xffffff45 fr.pc=0x000001b9d4ba8824 relative=0x0000000000003664
Event: 5.389 Thread 0x000001b9fb04d520 Uncommon trap: reason=unstable_if action=reinterpret pc=0x000001b9d4ba8824 method=java.lang.String.regionMatches(ZILjava/lang/String;II)Z @ 36 c2
Event: 5.389 Thread 0x000001b9fb04d520 DEOPT PACKING pc=0x000001b9d4ba8824 sp=0x00000027307f8af0
Event: 5.389 Thread 0x000001b9fb04d520 DEOPT UNPACKING pc=0x000001b9d42e69a3 sp=0x00000027307f8a10 mode 2
Event: 5.390 Thread 0x000001b9fb04d520 DEOPT PACKING pc=0x000001b9d4b574e8 sp=0x00000027307f8d30
Event: 5.390 Thread 0x000001b9fb04d520 DEOPT UNPACKING pc=0x000001b9d42e7143 sp=0x00000027307f8100 mode 0
Event: 5.391 Thread 0x000001b9fb04d520 Uncommon trap: trap_request=0xffffff45 fr.pc=0x000001b9d4bf0860 relative=0x0000000000000ac0
Event: 5.391 Thread 0x000001b9fb04d520 Uncommon trap: reason=unstable_if action=reinterpret pc=0x000001b9d4bf0860 method=java.lang.ClassLoader.getClassLoadingLock(Ljava/lang/String;)Ljava/lang/Object; @ 6 c2
Event: 5.391 Thread 0x000001b9fb04d520 DEOPT PACKING pc=0x000001b9d4bf0860 sp=0x00000027307f7220
Event: 5.391 Thread 0x000001b9fb04d520 DEOPT UNPACKING pc=0x000001b9d42e69a3 sp=0x00000027307f7180 mode 2
Event: 5.392 Thread 0x000001b9fb04d520 Uncommon trap: trap_request=0xffffff45 fr.pc=0x000001b9d4b0d680 relative=0x00000000000000e0
Event: 5.392 Thread 0x000001b9fb04d520 Uncommon trap: reason=unstable_if action=reinterpret pc=0x000001b9d4b0d680 method=java.lang.ClassLoader.getClassLoadingLock(Ljava/lang/String;)Ljava/lang/Object; @ 6 c2
Event: 5.392 Thread 0x000001b9fb04d520 DEOPT PACKING pc=0x000001b9d4b0d680 sp=0x00000027307f7420
Event: 5.392 Thread 0x000001b9fb04d520 DEOPT UNPACKING pc=0x000001b9d42e69a3 sp=0x00000027307f73c0 mode 2
Event: 5.392 Thread 0x000001b9fb04d520 Uncommon trap: trap_request=0xffffff45 fr.pc=0x000001b9d4b551e4 relative=0x0000000000000724
Event: 5.392 Thread 0x000001b9fb04d520 Uncommon trap: reason=unstable_if action=reinterpret pc=0x000001b9d4b551e4 method=java.lang.Class.getPackageName()Ljava/lang/String; @ 55 c2
Event: 5.392 Thread 0x000001b9fb04d520 DEOPT PACKING pc=0x000001b9d4b551e4 sp=0x00000027307f8920
Event: 5.392 Thread 0x000001b9fb04d520 DEOPT UNPACKING pc=0x000001b9d42e69a3 sp=0x00000027307f88e0 mode 2

Classes loaded (20 events):
Event: 5.388 Loading class jdk/internal/loader/URLClassPath$FileLoader
Event: 5.388 Loading class jdk/internal/loader/URLClassPath$FileLoader done
Event: 5.389 Loading class jdk/internal/loader/URLClassPath$FileLoader$1
Event: 5.390 Loading class jdk/internal/loader/URLClassPath$FileLoader$1 done
Event: 5.470 Loading class java/beans/Transient
Event: 5.470 Loading class java/beans/Transient done
Event: 5.502 Loading class java/util/stream/IntPipeline$1
Event: 5.502 Loading class java/util/stream/IntPipeline$1 done
Event: 5.503 Loading class java/util/stream/Nodes$FixedNodeBuilder
Event: 5.503 Loading class java/util/stream/Nodes$ArrayNode
Event: 5.503 Loading class java/util/stream/Nodes$ArrayNode done
Event: 5.503 Loading class java/util/stream/Nodes$FixedNodeBuilder done
Event: 5.503 Loading class java/util/stream/IntPipeline$1$1
Event: 5.503 Loading class java/util/stream/IntPipeline$1$1 done
Event: 5.515 Loading class java/lang/IllegalAccessError
Event: 5.515 Loading class java/lang/IllegalAccessError done
Event: 5.544 Loading class java/lang/ProcessBuilder
Event: 5.545 Loading class java/lang/ProcessBuilder done
Event: 5.545 Loading class java/lang/Process
Event: 5.545 Loading class java/lang/Process done

Classes unloaded (0 events):
No events

Classes redefined (0 events):
No events

Internal exceptions (20 events):
Event: 4.946 Thread 0x000001b9fb04d520 Exception <a 'java/lang/NoSuchMethodError'{0x00000000ee4d50e8}: static Lcom/intellij/gradle/toolingExtension/impl/model/sourceSetDependencyModel/GradleSourceSetDependencyModelProvider;.<clinit>()V> (0x00000000ee4d50e8) 
thrown [s\src\hotspot\share\prims\jni.cpp, line 1112]
Event: 4.949 Thread 0x000001b9fb04d520 Exception <a 'java/lang/NoSuchMethodError'{0x00000000ee4fa1d8}: static Lorg/jetbrains/plugins/gradle/model/ExternalProjectDependency;.<clinit>()V> (0x00000000ee4fa1d8) 
thrown [s\src\hotspot\share\prims\jni.cpp, line 1112]
Event: 4.950 Thread 0x000001b9fb04d520 Exception <a 'java/lang/NoSuchMethodError'{0x00000000ee308170}: static Lorg/jetbrains/plugins/gradle/model/ExternalLibraryDependency;.<clinit>()V> (0x00000000ee308170) 
thrown [s\src\hotspot\share\prims\jni.cpp, line 1112]
Event: 4.950 Thread 0x000001b9fb04d520 Exception <a 'java/lang/NoSuchMethodError'{0x00000000ee315920}: static Lorg/jetbrains/plugins/gradle/model/FileCollectionDependency;.<clinit>()V> (0x00000000ee315920) 
thrown [s\src\hotspot\share\prims\jni.cpp, line 1112]
Event: 4.952 Thread 0x000001b9fb04d520 Exception <a 'java/lang/NoSuchMethodError'{0x00000000ee322d08}: static Lorg/jetbrains/plugins/gradle/model/UnresolvedExternalDependency;.<clinit>()V> (0x00000000ee322d08) 
thrown [s\src\hotspot\share\prims\jni.cpp, line 1112]
Event: 4.962 Thread 0x000001b9fb04d520 Exception <a 'java/lang/NoSuchMethodError'{0x00000000ee3d2290}: static Lorg/gradle/tooling/internal/consumer/versioning/VersionDetails;.<clinit>()V> (0x00000000ee3d2290) 
thrown [s\src\hotspot\share\prims\jni.cpp, line 1112]
Event: 4.962 Thread 0x000001b9fb04d520 Exception <a 'java/lang/NoSuchMethodError'{0x00000000ee3d4c38}: static Lorg/gradle/tooling/internal/consumer/versioning/VersionDetails$R26VersionDetails;.<clinit>()V> (0x00000000ee3d4c38) 
thrown [s\src\hotspot\share\prims\jni.cpp, line 1112]
Event: 4.962 Thread 0x000001b9fb04d520 Exception <a 'java/lang/NoSuchMethodError'{0x00000000ee3d61b0}: static Lorg/gradle/tooling/internal/consumer/versioning/VersionDetails$R28VersionDetails;.<clinit>()V> (0x00000000ee3d61b0) 
thrown [s\src\hotspot\share\prims\jni.cpp, line 1112]
Event: 4.962 Thread 0x000001b9fb04d520 Exception <a 'java/lang/NoSuchMethodError'{0x00000000ee3d76b8}: static Lorg/gradle/tooling/internal/consumer/versioning/VersionDetails$R35VersionDetails;.<clinit>()V> (0x00000000ee3d76b8) 
thrown [s\src\hotspot\share\prims\jni.cpp, line 1112]
Event: 4.962 Thread 0x000001b9fb04d520 Exception <a 'java/lang/NoSuchMethodError'{0x00000000ee3d8d88}: static Lorg/gradle/tooling/internal/consumer/versioning/VersionDetails$R44VersionDetails;.<clinit>()V> (0x00000000ee3d8d88) 
thrown [s\src\hotspot\share\prims\jni.cpp, line 1112]
Event: 4.962 Thread 0x000001b9fb04d520 Exception <a 'java/lang/NoSuchMethodError'{0x00000000ee3da390}: static Lorg/gradle/tooling/internal/consumer/versioning/VersionDetails$R48VersionDetails;.<clinit>()V> (0x00000000ee3da390) 
thrown [s\src\hotspot\share\prims\jni.cpp, line 1112]
Event: 4.962 Thread 0x000001b9fb04d520 Exception <a 'java/lang/NoSuchMethodError'{0x00000000ee3db590}: static Lorg/gradle/tooling/internal/consumer/versioning/VersionDetails$R51VersionDetails;.<clinit>()V> (0x00000000ee3db590) 
thrown [s\src\hotspot\share\prims\jni.cpp, line 1112]
Event: 4.966 Thread 0x000001b9fb04d520 Exception <a 'java/lang/NoSuchMethodError'{0x00000000ee2094e8}: 'java.lang.Object java.lang.invoke.DirectMethodHandle$Holder.newInvokeSpecial(java.lang.Object, java.lang.Object, java.lang.Object, int)'> (0x00000000ee2094e8) 
thrown [s\src\hotspot\share\interpreter\linkResolver.cpp, line 759]
Event: 4.967 Thread 0x000001b9fb04d520 Exception <a 'java/lang/NoSuchMethodError'{0x00000000ee20dbd0}: 'java.lang.Object java.lang.invoke.DirectMethodHandle$Holder.invokeSpecial(java.lang.Object, java.lang.Object, java.lang.Object, java.lang.Object, int)'> (0x00000000ee20dbd0) 
thrown [s\src\hotspot\share\interpreter\linkResolver.cpp, line 759]
Event: 4.967 Thread 0x000001b9fb04d520 Exception <a 'java/lang/NoSuchMethodError'{0x00000000ee211a40}: 'java.lang.Object java.lang.invoke.Invokers$Holder.linkToTargetMethod(java.lang.Object, java.lang.Object, int, java.lang.Object)'> (0x00000000ee211a40) 
thrown [s\src\hotspot\share\interpreter\linkResolver.cpp, line 759]
Event: 5.248 Thread 0x000001b9fb04d520 Exception <a 'java/lang/IncompatibleClassChangeError'{0x00000000ecd92ec8}: Found class java.lang.Object, but interface was expected> (0x00000000ecd92ec8) 
thrown [s\src\hotspot\share\interpreter\linkResolver.cpp, line 826]
Event: 5.285 Thread 0x000001b9fb04d520 Exception <a 'java/lang/NoSuchMethodError'{0x00000000ecb1c690}: 'java.lang.Object java.lang.invoke.DirectMethodHandle$Holder.invokeVirtual(java.lang.Object, java.lang.Object, int)'> (0x00000000ecb1c690) 
thrown [s\src\hotspot\share\interpreter\linkResolver.cpp, line 759]
Event: 5.288 Thread 0x000001b9fb04d520 Exception <a 'java/lang/NoSuchMethodError'{0x00000000ecb4c420}: 'void java.lang.invoke.DirectMethodHandle$Holder.invokeStatic(java.lang.Object, java.lang.Object, java.lang.Object, int)'> (0x00000000ecb4c420) 
thrown [s\src\hotspot\share\interpreter\linkResolver.cpp, line 759]
Event: 5.525 Thread 0x000001b9fb04d520 Exception <a 'java/lang/NoSuchMethodError'{0x00000000ec7fb2b8}: 'java.lang.Object java.lang.invoke.DirectMethodHandle$Holder.invokeStaticInit(java.lang.Object, java.lang.Object, java.lang.Object, java.lang.Object, java.lang.Object, java.lang.Object, java.lang.Object)'> (0x00000000ec7fb2b8) 
thrown [s\src\hotspot\share\interpreter\linkResolver.cpp, line 759]
Event: 5.558 Thread 0x000001b9fb04d520 Exception <a 'java/lang/NoSuchMethodError'{0x00000000ec626c50}: 'java.lang.Object java.lang.invoke.DirectMethodHandle$Holder.invokeSpecial(java.lang.Object, java.lang.Object, java.lang.Object, int, java.lang.Object, java.lang.Object)'> (0x00000000ec626c50) 
thrown [s\src\hotspot\share\interpreter\linkResolver.cpp, line 759]

VM Operations (20 events):
Event: 4.418 Executing VM operation: G1PauseRemark done
Event: 4.419 Executing VM operation: G1PauseCleanup
Event: 4.419 Executing VM operation: G1PauseCleanup done
Event: 4.716 Executing VM operation: HandshakeAllThreads
Event: 4.716 Executing VM operation: HandshakeAllThreads done
Event: 4.987 Executing VM operation: HandshakeAllThreads
Event: 4.987 Executing VM operation: HandshakeAllThreads done
Event: 5.044 Executing VM operation: HandshakeAllThreads
Event: 5.044 Executing VM operation: HandshakeAllThreads done
Event: 5.069 Executing VM operation: ICBufferFull
Event: 5.070 Executing VM operation: ICBufferFull done
Event: 5.102 Executing VM operation: HandshakeAllThreads
Event: 5.102 Executing VM operation: HandshakeAllThreads done
Event: 5.250 Executing VM operation: HandshakeAllThreads
Event: 5.250 Executing VM operation: HandshakeAllThreads done
Event: 5.390 Executing VM operation: HandshakeAllThreads
Event: 5.390 Executing VM operation: HandshakeAllThreads done
Event: 5.390 Executing VM operation: HandshakeAllThreads
Event: 5.390 Executing VM operation: HandshakeAllThreads done
Event: 6.403 Executing VM operation: Cleanup

Memory protections (0 events):
No events

Nmethod flushes (0 events):
No events

Events (20 events):
Event: 4.662 Thread 0x000001b9fb04d520 Thread added: 0x000001b9fcd5ebd0
Event: 4.672 Thread 0x000001b9fb04d520 Thread added: 0x000001b9fcd5f0e0
Event: 4.795 Thread 0x000001b9fb04d520 Thread added: 0x000001b9fcd62890
Event: 4.796 Thread 0x000001b9fb04d520 Thread added: 0x000001b9fcd60520
Event: 4.796 Thread 0x000001b9fb04d520 Thread added: 0x000001b9fcd60a30
Event: 4.796 Thread 0x000001b9fb04d520 Thread added: 0x000001b9fcd60f40
Event: 4.796 Thread 0x000001b9fb04d520 Thread added: 0x000001b9fcd5f5f0
Event: 4.796 Thread 0x000001b9fb04d520 Thread added: 0x000001b9fcd61450
Event: 4.796 Thread 0x000001b9fb04d520 Thread added: 0x000001b9fcd5fb00
Event: 4.796 Thread 0x000001b9fb04d520 Thread added: 0x000001b9fcd64c00
Event: 4.797 Thread 0x000001b9fb04d520 Thread added: 0x000001b9fcd62da0
Event: 4.797 Thread 0x000001b9fb04d520 Thread added: 0x000001b9fcd641e0
Event: 4.797 Thread 0x000001b9fb04d520 Thread added: 0x000001b9fcd63cd0
Event: 4.797 Thread 0x000001b9fb04d520 Thread added: 0x000001b9fcd61e70
Event: 4.797 Thread 0x000001b9fb04d520 Thread added: 0x000001b9fcd632b0
Event: 4.797 Thread 0x000001b9fb04d520 Thread added: 0x000001b9fcd61960
Event: 5.326 Thread 0x000001b9fb04d520 Thread added: 0x000001b9fcd65620
Event: 5.341 Thread 0x000001b9fe2646a0 Thread exited: 0x000001b9fe2646a0
Event: 5.343 Thread 0x000001b9fe374830 Thread exited: 0x000001b9fe374830
Event: 5.369 Thread 0x000001b9fb04d520 Thread added: 0x000001b9fcd646f0


Dynamic libraries:
0x00007ff634550000 - 0x00007ff63455e000 	C:\Program Files\Amazon Corretto\jdk17.0.15_6\bin\java.exe
0x00007ffaba4a0000 - 0x00007ffaba708000 	C:\WINDOWS\SYSTEM32\ntdll.dll
0x00007ffab8f70000 - 0x00007ffab9039000 	C:\WINDOWS\System32\KERNEL32.DLL
0x00007ffab7ba0000 - 0x00007ffab7f92000 	C:\WINDOWS\System32\KERNELBASE.dll
0x00007ffab7630000 - 0x00007ffab777b000 	C:\WINDOWS\System32\ucrtbase.dll
0x00007ffaa6a10000 - 0x00007ffaa6a27000 	C:\Program Files\Amazon Corretto\jdk17.0.15_6\bin\jli.dll
0x00007ffab82f0000 - 0x00007ffab84b5000 	C:\WINDOWS\System32\USER32.dll
0x00007ffaa6a40000 - 0x00007ffaa6a5b000 	C:\Program Files\Amazon Corretto\jdk17.0.15_6\bin\VCRUNTIME140.dll
0x00007ffaa8830000 - 0x00007ffaa8ac3000 	C:\WINDOWS\WinSxS\amd64_microsoft.windows.common-controls_6595b64144ccf1df_6.0.26100.6899_none_3e0efeeae32e88c1\COMCTL32.dll
0x00007ffab8640000 - 0x00007ffab86e9000 	C:\WINDOWS\System32\msvcrt.dll
0x00007ffab79b0000 - 0x00007ffab79d7000 	C:\WINDOWS\System32\win32u.dll
0x00007ffab86f0000 - 0x00007ffab871b000 	C:\WINDOWS\System32\GDI32.dll
0x00007ffab7a70000 - 0x00007ffab7b9d000 	C:\WINDOWS\System32\gdi32full.dll
0x00007ffab8120000 - 0x00007ffab81c3000 	C:\WINDOWS\System32\msvcp_win.dll
0x00007ffaba400000 - 0x00007ffaba42f000 	C:\WINDOWS\System32\IMM32.DLL
0x00007ffaa6a80000 - 0x00007ffaa6a8c000 	C:\Program Files\Amazon Corretto\jdk17.0.15_6\bin\vcruntime140_1.dll
0x00007ffa40030000 - 0x00007ffa400bd000 	C:\Program Files\Amazon Corretto\jdk17.0.15_6\bin\msvcp140.dll
0x00007ff9f53a0000 - 0x00007ff9f600c000 	C:\Program Files\Amazon Corretto\jdk17.0.15_6\bin\server\jvm.dll
0x00007ffab8d00000 - 0x00007ffab8db4000 	C:\WINDOWS\System32\ADVAPI32.dll
0x00007ffab8e30000 - 0x00007ffab8ed6000 	C:\WINDOWS\System32\sechost.dll
0x00007ffab8520000 - 0x00007ffab8638000 	C:\WINDOWS\System32\RPCRT4.dll
0x00007ffab8ee0000 - 0x00007ffab8f54000 	C:\WINDOWS\System32\WS2_32.dll
0x00007ffab6d00000 - 0x00007ffab6d5e000 	C:\WINDOWS\SYSTEM32\POWRPROF.dll
0x00007ffaaff50000 - 0x00007ffaaff85000 	C:\WINDOWS\SYSTEM32\WINMM.dll
0x00007ffab15f0000 - 0x00007ffab15fb000 	C:\WINDOWS\SYSTEM32\VERSION.dll
0x00007ffab6b40000 - 0x00007ffab6b54000 	C:\WINDOWS\SYSTEM32\UMPDC.dll
0x00007ffab63e0000 - 0x00007ffab63fb000 	C:\WINDOWS\SYSTEM32\kernel.appcore.dll
0x00007ffaa6a00000 - 0x00007ffaa6a0a000 	C:\Program Files\Amazon Corretto\jdk17.0.15_6\bin\jimage.dll
0x00007ffab0490000 - 0x00007ffab06d2000 	C:\WINDOWS\SYSTEM32\DBGHELP.DLL
0x00007ffab9a70000 - 0x00007ffab9deb000 	C:\WINDOWS\System32\combase.dll
0x00007ffab9800000 - 0x00007ffab98d7000 	C:\WINDOWS\System32\OLEAUT32.dll
0x00007ffaa8200000 - 0x00007ffaa823c000 	C:\WINDOWS\SYSTEM32\dbgcore.DLL
0x00007ffab81d0000 - 0x00007ffab8268000 	C:\WINDOWS\System32\bcryptPrimitives.dll
0x00007ffaa69f0000 - 0x00007ffaa69fe000 	C:\Program Files\Amazon Corretto\jdk17.0.15_6\bin\instrument.dll
0x00007ffa91e40000 - 0x00007ffa91e65000 	C:\Program Files\Amazon Corretto\jdk17.0.15_6\bin\java.dll
0x00007ffa3ff50000 - 0x00007ffa40027000 	C:\Program Files\Amazon Corretto\jdk17.0.15_6\bin\jsvml.dll
0x00007ffab90b0000 - 0x00007ffab97fd000 	C:\WINDOWS\System32\SHELL32.dll
0x00007ffab7780000 - 0x00007ffab78eb000 	C:\WINDOWS\System32\wintypes.dll
0x00007ffab5260000 - 0x00007ffab5abd000 	C:\WINDOWS\SYSTEM32\windows.storage.dll
0x00007ffaba300000 - 0x00007ffaba3f2000 	C:\WINDOWS\System32\SHCORE.dll
0x00007ffab8dc0000 - 0x00007ffab8e22000 	C:\WINDOWS\System32\shlwapi.dll
0x00007ffab7550000 - 0x00007ffab7579000 	C:\WINDOWS\SYSTEM32\profapi.dll
0x00007ffaa58e0000 - 0x00007ffaa58f8000 	C:\Program Files\Amazon Corretto\jdk17.0.15_6\bin\zip.dll
0x00007ffa9d580000 - 0x00007ffa9d599000 	C:\Program Files\Amazon Corretto\jdk17.0.15_6\bin\net.dll
0x00007ffab1170000 - 0x00007ffab128f000 	C:\WINDOWS\SYSTEM32\WINHTTP.dll
0x00007ffab69e0000 - 0x00007ffab6a4b000 	C:\WINDOWS\system32\mswsock.dll
0x00007ffa9d380000 - 0x00007ffa9d396000 	C:\Program Files\Amazon Corretto\jdk17.0.15_6\bin\nio.dll
0x00007ffa9cf70000 - 0x00007ffa9cf80000 	C:\Program Files\Amazon Corretto\jdk17.0.15_6\bin\verify.dll
0x00007ffa91da0000 - 0x00007ffa91dc7000 	C:\Users\Home\.gradle\native\1def1411415f61bf3af743bc5b6707747c0891f09f0c88961ee8f79bc544acac\windows-amd64\native-platform.dll
0x00007ffa71830000 - 0x00007ffa718a8000 	C:\Users\Home\.gradle\native\0.2.7\x86_64-windows-gnu\gradle-fileevents.dll
0x00007ffaa05b0000 - 0x00007ffaa05b9000 	C:\Program Files\Amazon Corretto\jdk17.0.15_6\bin\management.dll
0x00007ffa9e250000 - 0x00007ffa9e25b000 	C:\Program Files\Amazon Corretto\jdk17.0.15_6\bin\management_ext.dll
0x00007ffab8c70000 - 0x00007ffab8c78000 	C:\WINDOWS\System32\PSAPI.DLL
0x00007ffab5dc0000 - 0x00007ffab5df4000 	C:\WINDOWS\SYSTEM32\IPHLPAPI.DLL
0x00007ffab90a0000 - 0x00007ffab90aa000 	C:\WINDOWS\System32\NSI.dll
0x00007ffab1600000 - 0x00007ffab161e000 	C:\WINDOWS\SYSTEM32\dhcpcsvc6.DLL
0x00007ffab0440000 - 0x00007ffab0463000 	C:\WINDOWS\SYSTEM32\dhcpcsvc.DLL
0x00007ffab5eb0000 - 0x00007ffab5fd6000 	C:\WINDOWS\SYSTEM32\DNSAPI.dll
0x00007ffa9d3f0000 - 0x00007ffa9d3f9000 	C:\Program Files\Amazon Corretto\jdk17.0.15_6\bin\extnet.dll
0x00007ffab6cd0000 - 0x00007ffab6ceb000 	C:\WINDOWS\SYSTEM32\CRYPTSP.dll
0x00007ffab6340000 - 0x00007ffab637b000 	C:\WINDOWS\system32\rsaenh.dll
0x00007ffab6a80000 - 0x00007ffab6aab000 	C:\WINDOWS\SYSTEM32\USERENV.dll
0x00007ffab7520000 - 0x00007ffab7546000 	C:\WINDOWS\SYSTEM32\bcrypt.dll
0x00007ffab6cf0000 - 0x00007ffab6cfc000 	C:\WINDOWS\SYSTEM32\CRYPTBASE.dll
0x00007ffa9cf80000 - 0x00007ffa9cf8e000 	C:\Program Files\Amazon Corretto\jdk17.0.15_6\bin\sunmscapi.dll
0x00007ffab7fa0000 - 0x00007ffab8117000 	C:\WINDOWS\System32\CRYPT32.dll
0x00007ffab6f60000 - 0x00007ffab6f90000 	C:\WINDOWS\SYSTEM32\ncrypt.dll
0x00007ffab6f10000 - 0x00007ffab6f4f000 	C:\WINDOWS\SYSTEM32\NTASN1.dll
0x00007ffa12a10000 - 0x00007ffa12a18000 	C:\WINDOWS\system32\wshunix.dll
0x00007ffab6520000 - 0x00007ffab6556000 	C:\WINDOWS\SYSTEM32\ntmarta.dll

dbghelp: loaded successfully - version: 4.0.5 - missing functions: none
symbol engine: initialized successfully - sym options: 0x614 - pdb path: .;C:\Program Files\Amazon Corretto\jdk17.0.15_6\bin;C:\WINDOWS\SYSTEM32;C:\WINDOWS\WinSxS\amd64_microsoft.windows.common-controls_6595b64144ccf1df_6.0.26100.6899_none_3e0efeeae32e88c1;C:\Program Files\Amazon Corretto\jdk17.0.15_6\bin\server;C:\Users\Home\.gradle\native\1def1411415f61bf3af743bc5b6707747c0891f09f0c88961ee8f79bc544acac\windows-amd64;C:\Users\Home\.gradle\native\0.2.7\x86_64-windows-gnu

VM Arguments:
jvm_args: --add-opens=java.base/java.lang=ALL-UNNAMED --add-opens=java.base/java.lang.invoke=ALL-UNNAMED --add-opens=java.base/java.util=ALL-UNNAMED --add-opens=java.prefs/java.util.prefs=ALL-UNNAMED --add-exports=jdk.compiler/com.sun.tools.javac.api=ALL-UNNAMED --add-exports=jdk.compiler/com.sun.tools.javac.util=ALL-UNNAMED --add-opens=java.base/java.util=ALL-UNNAMED --add-opens=java.prefs/java.util.prefs=ALL-UNNAMED --add-opens=java.base/java.nio.charset=ALL-UNNAMED --add-opens=java.base/java.net=ALL-UNNAMED --add-opens=java.base/java.util.concurrent.atomic=ALL-UNNAMED --add-opens=java.xml/javax.xml.namespace=ALL-UNNAMED -XX:MaxMetaspaceSize=384m -XX:+HeapDumpOnOutOfMemoryError -Xms256m -Xmx512m -Dfile.encoding=UTF-8 -Duser.country=US -Duser.language=en -Duser.variant -javaagent:C:\Users\Home\.gradle\wrapper\dists\gradle-8.14.3-bin\cv11ve7ro1n3o1j4so8xd9n66\gradle-8.14.3\lib\agents\gradle-instrumentation-agent-8.14.3.jar 
java_command: org.gradle.launcher.daemon.bootstrap.GradleDaemon 8.14.3
java_class_path (initial): C:\Users\Home\.gradle\wrapper\dists\gradle-8.14.3-bin\cv11ve7ro1n3o1j4so8xd9n66\gradle-8.14.3\lib\gradle-daemon-main-8.14.3.jar
Launcher Type: SUN_STANDARD

[Global flags]
     intx CICompilerCount                          = 12                                        {product} {ergonomic}
   size_t CompressedClassSpaceSize                 = 335544320                                 {product} {ergonomic}
     uint ConcGCThreads                            = 3                                         {product} {ergonomic}
     uint G1ConcRefinementThreads                  = 13                                        {product} {ergonomic}
   size_t G1HeapRegionSize                         = 1048576                                   {product} {ergonomic}
    uintx GCDrainStackTargetSize                   = 64                                        {product} {ergonomic}
     bool HeapDumpOnOutOfMemoryError               = true                                   {manageable} {command line}
   size_t InitialHeapSize                          = 268435456                                 {product} {command line}
   size_t MarkStackSize                            = 4194304                                   {product} {ergonomic}
   size_t MaxHeapSize                              = 536870912                                 {product} {command line}
   size_t MaxMetaspaceSize                         = 402653184                                 {product} {command line}
   size_t MaxNewSize                               = 321912832                                 {product} {ergonomic}
   size_t MinHeapDeltaBytes                        = 1048576                                   {product} {ergonomic}
   size_t MinHeapSize                              = 268435456                                 {product} {command line}
    uintx NonNMethodCodeHeapSize                   = 7602480                                {pd product} {ergonomic}
    uintx NonProfiledCodeHeapSize                  = 122027880                              {pd product} {ergonomic}
    uintx ProfiledCodeHeapSize                     = 122027880                              {pd product} {ergonomic}
    uintx ReservedCodeCacheSize                    = 251658240                              {pd product} {ergonomic}
     bool SegmentedCodeCache                       = true                                      {product} {ergonomic}
   size_t SoftMaxHeapSize                          = 536870912                              {manageable} {ergonomic}
     bool UseCompressedClassPointers               = true                           {product lp64_product} {ergonomic}
     bool UseCompressedOops                        = true                           {product lp64_product} {ergonomic}
     bool UseG1GC                                  = true                                      {product} {ergonomic}
     bool UseLargePagesIndividualAllocation        = false                                  {pd product} {ergonomic}

Logging:
Log output configuration:
 #0: stdout all=warning uptime,level,tags
 #1: stderr all=off uptime,level,tags

Environment Variables:
JAVA_HOME=C:\Program Files\Amazon Corretto\jdk17.0.15_6
PATH=C:\Python313\Scripts\;C:\Python313\;C:\Program Files (x86)\NVIDIA Corporation\PhysX\Common;C:\Program Files\Amazon Corretto\jdk17.0.15_6\bin;C:\WINDOWS\system32;C:\WINDOWS;C:\WINDOWS\System32\Wbem;C:\WINDOWS\System32\WindowsPowerShell\v1.0\;C:\WINDOWS\System32\OpenSSH\;C:\Program Files\Git\cmd;C:\Program Files\apache-maven-3.9.10\bin;C:\MinGW\bin;C:\Program Files\nodejs\;C:\ProgramData\chocolatey\bin;C:\Program Files\Docker\Docker\resources\bin;C:\Users\Home\AppData\Local\Microsoft\WindowsApps;C:\Users\Home\AppData\Local\Programs\Microsoft VS Code\bin;C:\MinGW\bin;C:\Users\Home\AppData\Roaming\npm
USERNAME=Home
OS=Windows_NT
PROCESSOR_IDENTIFIER=AMD64 Family 25 Model 33 Stepping 2, AuthenticAMD
TMP=C:\Users\Home\AppData\Local\Temp
TEMP=C:\Users\Home\AppData\Local\Temp



Periodic native trim disabled


---------------  S Y S T E M  ---------------

OS:
 Windows 11 , 64 bit Build 26100 (10.0.26100.6725)
OS uptime: 0 days 1:55 hours
Hyper-V role detected

CPU: total 16 (initial active 16) (16 cores per cpu, 2 threads per core) family 25 model 33 stepping 2 microcode 0xa20120e, cx8, cmov, fxsr, ht, mmx, 3dnowpref, sse, sse2, sse3, ssse3, sse4a, sse4.1, sse4.2, popcnt, lzcnt, tsc, tscinvbit, avx, avx2, aes, erms, clmul, bmi1, bmi2, adx, sha, fma, vzeroupper, clflush, clflushopt, hv
Processor Information for all 16 processors :
  Max Mhz: 3401, Current Mhz: 3401, Mhz Limit: 3401

Memory: 4k page, system-wide physical 16306M (5337M free)
TotalPageFile size 16306M (AvailPageFile size 462M)
current process WorkingSet (physical memory assigned to process): 295M, peak: 305M
current process commit charge ("private bytes"): 452M, peak: 466M

vm_info: OpenJDK 64-Bit Server VM (17.0.15+6-LTS) for windows-amd64 JRE (17.0.15+6-LTS), built on Apr  9 2025 23:33:55 by "Administrator" with MS VC++ 16.10 / 16.11 (VS2019)

END.
